<?xml version="1.0" encoding="UTF-8"?>
<!-- Generated by org.testng.reporters.JUnitXMLReporter -->
<testsuite hostname="SRDEVAKI-9T2FG" ignored="0" name="Default test" tests="162" failures="9" timestamp="2020-12-07T19:10:20 IST" time="572.222" errors="0">
  <testcase name="verifyAdminSettingsAPI" time="54.338" classname="com.cisco.services.api_automation.tests.insights.software.OsvIT"/>
  <testcase name="verifyAdminSettingsAPI" time="2.484" classname="com.cisco.services.api_automation.tests.insights.software.OsvIT"/>
  <testcase name="verifyAdminSettingsAPI" time="3.013" classname="com.cisco.services.api_automation.tests.insights.software.OsvIT"/>
  <testcase name="verifyAdminSettingsAPI" time="3.269" classname="com.cisco.services.api_automation.tests.insights.software.OsvIT">
    <failure type="java.lang.AssertionError" message="Status Code:  expected [400] but found [500]">
      <![CDATA[java.lang.AssertionError: Status Code:  expected [400] but found [500]
at com.cisco.services.api_automation.utils.customassert.Assert.fail(Assert.java:45)
at com.cisco.services.api_automation.utils.customassert.Assert.assertEqualsImpl(Assert.java:70)
at com.cisco.services.api_automation.utils.customassert.Assert.assertEquals(Assert.java:58)
at com.cisco.services.api_automation.utils.customassert.Assert.assertEquals(Assert.java:412)
at com.cisco.services.api_automation.tests.insights.software.OsvIT.verifyAdminSettingsAPI(OsvIT.java:169)
at sun.reflect.NativeMethodAccessorImpl.invoke0(Native Method)
at sun.reflect.NativeMethodAccessorImpl.invoke(NativeMethodAccessorImpl.java:62)
at sun.reflect.DelegatingMethodAccessorImpl.invoke(DelegatingMethodAccessorImpl.java:43)
at java.lang.reflect.Method.invoke(Method.java:498)
at org.testng.internal.MethodInvocationHelper.invokeMethod(MethodInvocationHelper.java:134)
at org.testng.internal.TestInvoker.invokeMethod(TestInvoker.java:597)
at org.testng.internal.TestInvoker.invokeTestMethod(TestInvoker.java:173)
at org.testng.internal.MethodRunner.runInSequence(MethodRunner.java:46)
at org.testng.internal.TestInvoker$MethodInvocationAgent.invoke(TestInvoker.java:816)
at org.testng.internal.TestInvoker.invokeTestMethods(TestInvoker.java:146)
at org.testng.internal.TestMethodWorker.invokeTestMethods(TestMethodWorker.java:146)
at org.testng.internal.TestMethodWorker.run(TestMethodWorker.java:128)
at java.util.ArrayList.forEach(ArrayList.java:1257)
at org.testng.TestRunner.privateRun(TestRunner.java:766)
at org.testng.TestRunner.run(TestRunner.java:587)
at org.testng.SuiteRunner.runTest(SuiteRunner.java:384)
at org.testng.SuiteRunner.runSequentially(SuiteRunner.java:378)
at org.testng.SuiteRunner.privateRun(SuiteRunner.java:337)
at org.testng.SuiteRunner.run(SuiteRunner.java:286)
at org.testng.SuiteRunnerWorker.runSuite(SuiteRunnerWorker.java:53)
at org.testng.SuiteRunnerWorker.run(SuiteRunnerWorker.java:96)
at java.util.concurrent.ThreadPoolExecutor.runWorker(ThreadPoolExecutor.java:1149)
at java.util.concurrent.ThreadPoolExecutor$Worker.run(ThreadPoolExecutor.java:624)
at java.lang.Thread.run(Thread.java:748)
]]>
    </failure>
  </testcase> <!-- verifyAdminSettingsAPI -->
  <testcase name="verifyAdminSettingsAPI" time="2.236" classname="com.cisco.services.api_automation.tests.insights.software.OsvIT"/>
  <testcase name="verifyAdminSettingsAPI" time="3.857" classname="com.cisco.services.api_automation.tests.insights.software.OsvIT"/>
  <testcase name="verifyAdminSettingsAPI" time="2.271" classname="com.cisco.services.api_automation.tests.insights.software.OsvIT">
    <failure type="java.lang.AssertionError" message="Status Code:  expected [400] but found [200]">
      <![CDATA[java.lang.AssertionError: Status Code:  expected [400] but found [200]
at com.cisco.services.api_automation.utils.customassert.Assert.fail(Assert.java:45)
at com.cisco.services.api_automation.utils.customassert.Assert.assertEqualsImpl(Assert.java:70)
at com.cisco.services.api_automation.utils.customassert.Assert.assertEquals(Assert.java:58)
at com.cisco.services.api_automation.utils.customassert.Assert.assertEquals(Assert.java:412)
at com.cisco.services.api_automation.tests.insights.software.OsvIT.verifyAdminSettingsAPI(OsvIT.java:169)
at sun.reflect.NativeMethodAccessorImpl.invoke0(Native Method)
at sun.reflect.NativeMethodAccessorImpl.invoke(NativeMethodAccessorImpl.java:62)
at sun.reflect.DelegatingMethodAccessorImpl.invoke(DelegatingMethodAccessorImpl.java:43)
at java.lang.reflect.Method.invoke(Method.java:498)
at org.testng.internal.MethodInvocationHelper.invokeMethod(MethodInvocationHelper.java:134)
at org.testng.internal.TestInvoker.invokeMethod(TestInvoker.java:597)
at org.testng.internal.TestInvoker.invokeTestMethod(TestInvoker.java:173)
at org.testng.internal.MethodRunner.runInSequence(MethodRunner.java:46)
at org.testng.internal.TestInvoker$MethodInvocationAgent.invoke(TestInvoker.java:816)
at org.testng.internal.TestInvoker.invokeTestMethods(TestInvoker.java:146)
at org.testng.internal.TestMethodWorker.invokeTestMethods(TestMethodWorker.java:146)
at org.testng.internal.TestMethodWorker.run(TestMethodWorker.java:128)
at java.util.ArrayList.forEach(ArrayList.java:1257)
at org.testng.TestRunner.privateRun(TestRunner.java:766)
at org.testng.TestRunner.run(TestRunner.java:587)
at org.testng.SuiteRunner.runTest(SuiteRunner.java:384)
at org.testng.SuiteRunner.runSequentially(SuiteRunner.java:378)
at org.testng.SuiteRunner.privateRun(SuiteRunner.java:337)
at org.testng.SuiteRunner.run(SuiteRunner.java:286)
at org.testng.SuiteRunnerWorker.runSuite(SuiteRunnerWorker.java:53)
at org.testng.SuiteRunnerWorker.run(SuiteRunnerWorker.java:96)
at java.util.concurrent.ThreadPoolExecutor.runWorker(ThreadPoolExecutor.java:1149)
at java.util.concurrent.ThreadPoolExecutor$Worker.run(ThreadPoolExecutor.java:624)
at java.lang.Thread.run(Thread.java:748)
]]>
    </failure>
  </testcase> <!-- verifyAdminSettingsAPI -->
  <testcase name="verifyAdminSettingsAPI" time="3.111" classname="com.cisco.services.api_automation.tests.insights.software.OsvIT"/>
  <testcase name="verifyAdminSettingsAPI" time="3.803" classname="com.cisco.services.api_automation.tests.insights.software.OsvIT"/>
  <testcase name="verifyAdminSettingsAPI" time="4.019" classname="com.cisco.services.api_automation.tests.insights.software.OsvIT"/>
  <testcase name="verifyAdminSettingsAPI" time="4.229" classname="com.cisco.services.api_automation.tests.insights.software.OsvIT"/>
  <testcase name="verifyAdminSettingsAPI" time="2.556" classname="com.cisco.services.api_automation.tests.insights.software.OsvIT"/>
  <testcase name="verifyAdminSettingsAPI" time="3.283" classname="com.cisco.services.api_automation.tests.insights.software.OsvIT"/>
  <testcase name="verifyAdminSettingsAPI" time="3.073" classname="com.cisco.services.api_automation.tests.insights.software.OsvIT"/>
  <testcase name="verifyAdminSettingsAPI" time="3.321" classname="com.cisco.services.api_automation.tests.insights.software.OsvIT"/>
  <testcase name="verifyAdminSettingsAPI" time="3.963" classname="com.cisco.services.api_automation.tests.insights.software.OsvIT"/>
  <testcase name="verifyAdminSettingsAPI" time="4.459" classname="com.cisco.services.api_automation.tests.insights.software.OsvIT"/>
  <testcase name="verifyAdminSettingsAPI" time="3.564" classname="com.cisco.services.api_automation.tests.insights.software.OsvIT"/>
  <testcase name="verifyAdminSettingsAPI" time="3.207" classname="com.cisco.services.api_automation.tests.insights.software.OsvIT"/>
  <testcase name="verifyDetailsAPI" time="3.826" classname="com.cisco.services.api_automation.tests.insights.software.OsvIT">
    <failure type="java.lang.AssertionError" message="Status Code:  expected [200] but found [400]">
      <![CDATA[java.lang.AssertionError: Status Code:  expected [200] but found [400]
at com.cisco.services.api_automation.utils.customassert.Assert.fail(Assert.java:45)
at com.cisco.services.api_automation.utils.customassert.Assert.assertEqualsImpl(Assert.java:70)
at com.cisco.services.api_automation.utils.customassert.Assert.assertEquals(Assert.java:58)
at com.cisco.services.api_automation.utils.customassert.Assert.assertEquals(Assert.java:412)
at com.cisco.services.api_automation.tests.insights.software.OsvIT.verifyDetailsAPI(OsvIT.java:218)
at sun.reflect.NativeMethodAccessorImpl.invoke0(Native Method)
at sun.reflect.NativeMethodAccessorImpl.invoke(NativeMethodAccessorImpl.java:62)
at sun.reflect.DelegatingMethodAccessorImpl.invoke(DelegatingMethodAccessorImpl.java:43)
at java.lang.reflect.Method.invoke(Method.java:498)
at org.testng.internal.MethodInvocationHelper.invokeMethod(MethodInvocationHelper.java:134)
at org.testng.internal.TestInvoker.invokeMethod(TestInvoker.java:597)
at org.testng.internal.TestInvoker.invokeTestMethod(TestInvoker.java:173)
at org.testng.internal.MethodRunner.runInSequence(MethodRunner.java:46)
at org.testng.internal.TestInvoker$MethodInvocationAgent.invoke(TestInvoker.java:816)
at org.testng.internal.TestInvoker.invokeTestMethods(TestInvoker.java:146)
at org.testng.internal.TestMethodWorker.invokeTestMethods(TestMethodWorker.java:146)
at org.testng.internal.TestMethodWorker.run(TestMethodWorker.java:128)
at java.util.ArrayList.forEach(ArrayList.java:1257)
at org.testng.TestRunner.privateRun(TestRunner.java:766)
at org.testng.TestRunner.run(TestRunner.java:587)
at org.testng.SuiteRunner.runTest(SuiteRunner.java:384)
at org.testng.SuiteRunner.runSequentially(SuiteRunner.java:378)
at org.testng.SuiteRunner.privateRun(SuiteRunner.java:337)
at org.testng.SuiteRunner.run(SuiteRunner.java:286)
at org.testng.SuiteRunnerWorker.runSuite(SuiteRunnerWorker.java:53)
at org.testng.SuiteRunnerWorker.run(SuiteRunnerWorker.java:96)
at java.util.concurrent.ThreadPoolExecutor.runWorker(ThreadPoolExecutor.java:1149)
at java.util.concurrent.ThreadPoolExecutor$Worker.run(ThreadPoolExecutor.java:624)
at java.lang.Thread.run(Thread.java:748)
]]>
    </failure>
  </testcase> <!-- verifyDetailsAPI -->
  <testcase name="verifyDetailsAPI" time="2.599" classname="com.cisco.services.api_automation.tests.insights.software.OsvIT"/>
  <testcase name="verifyDetailsAPI" time="2.282" classname="com.cisco.services.api_automation.tests.insights.software.OsvIT"/>
  <testcase name="verifyDetailsAPI" time="4.252" classname="com.cisco.services.api_automation.tests.insights.software.OsvIT"/>
  <testcase name="verifyDetailsAPI" time="3.421" classname="com.cisco.services.api_automation.tests.insights.software.OsvIT"/>
  <testcase name="verifyDetailsAPI" time="2.709" classname="com.cisco.services.api_automation.tests.insights.software.OsvIT"/>
  <testcase name="verifyDetailsAPI" time="2.503" classname="com.cisco.services.api_automation.tests.insights.software.OsvIT"/>
  <testcase name="verifyDetailsAPI" time="2.685" classname="com.cisco.services.api_automation.tests.insights.software.OsvIT"/>
  <testcase name="verifyDetailsAPI" time="3.005" classname="com.cisco.services.api_automation.tests.insights.software.OsvIT"/>
  <testcase name="verifyExportAPI" time="2.49" classname="com.cisco.services.api_automation.tests.insights.software.OsvIT"/>
  <testcase name="verifyExportAPI" time="2.707" classname="com.cisco.services.api_automation.tests.insights.software.OsvIT"/>
  <testcase name="verifyExportAPI" time="3.459" classname="com.cisco.services.api_automation.tests.insights.software.OsvIT"/>
  <testcase name="verifyExportAPI" time="3.603" classname="com.cisco.services.api_automation.tests.insights.software.OsvIT"/>
  <testcase name="verifyExportAPI" time="2.478" classname="com.cisco.services.api_automation.tests.insights.software.OsvIT"/>
  <testcase name="verifyExportAPI" time="2.99" classname="com.cisco.services.api_automation.tests.insights.software.OsvIT"/>
  <testcase name="verifyExportAPI" time="2.428" classname="com.cisco.services.api_automation.tests.insights.software.OsvIT"/>
  <testcase name="verifyExportAPI" time="2.604" classname="com.cisco.services.api_automation.tests.insights.software.OsvIT"/>
  <testcase name="verifyExportAPI" time="3.119" classname="com.cisco.services.api_automation.tests.insights.software.OsvIT"/>
  <testcase name="verifyExportAPI" time="2.862" classname="com.cisco.services.api_automation.tests.insights.software.OsvIT"/>
  <testcase name="verifyExportAPI" time="3.773" classname="com.cisco.services.api_automation.tests.insights.software.OsvIT"/>
  <testcase name="verifyExportAPI" time="2.336" classname="com.cisco.services.api_automation.tests.insights.software.OsvIT"/>
  <testcase name="verifyExportAPI" time="1.904" classname="com.cisco.services.api_automation.tests.insights.software.OsvIT"/>
  <testcase name="verifyExportAPI" time="2.957" classname="com.cisco.services.api_automation.tests.insights.software.OsvIT">
    <failure type="java.lang.AssertionError" message="Status Code:  expected [400] but found [500]">
      <![CDATA[java.lang.AssertionError: Status Code:  expected [400] but found [500]
at com.cisco.services.api_automation.utils.customassert.Assert.fail(Assert.java:45)
at com.cisco.services.api_automation.utils.customassert.Assert.assertEqualsImpl(Assert.java:70)
at com.cisco.services.api_automation.utils.customassert.Assert.assertEquals(Assert.java:58)
at com.cisco.services.api_automation.utils.customassert.Assert.assertEquals(Assert.java:412)
at com.cisco.services.api_automation.tests.insights.software.OsvIT.verifyExportAPI(OsvIT.java:231)
at sun.reflect.NativeMethodAccessorImpl.invoke0(Native Method)
at sun.reflect.NativeMethodAccessorImpl.invoke(NativeMethodAccessorImpl.java:62)
at sun.reflect.DelegatingMethodAccessorImpl.invoke(DelegatingMethodAccessorImpl.java:43)
at java.lang.reflect.Method.invoke(Method.java:498)
at org.testng.internal.MethodInvocationHelper.invokeMethod(MethodInvocationHelper.java:134)
at org.testng.internal.TestInvoker.invokeMethod(TestInvoker.java:597)
at org.testng.internal.TestInvoker.invokeTestMethod(TestInvoker.java:173)
at org.testng.internal.MethodRunner.runInSequence(MethodRunner.java:46)
at org.testng.internal.TestInvoker$MethodInvocationAgent.invoke(TestInvoker.java:816)
at org.testng.internal.TestInvoker.invokeTestMethods(TestInvoker.java:146)
at org.testng.internal.TestMethodWorker.invokeTestMethods(TestMethodWorker.java:146)
at org.testng.internal.TestMethodWorker.run(TestMethodWorker.java:128)
at java.util.ArrayList.forEach(ArrayList.java:1257)
at org.testng.TestRunner.privateRun(TestRunner.java:766)
at org.testng.TestRunner.run(TestRunner.java:587)
at org.testng.SuiteRunner.runTest(SuiteRunner.java:384)
at org.testng.SuiteRunner.runSequentially(SuiteRunner.java:378)
at org.testng.SuiteRunner.privateRun(SuiteRunner.java:337)
at org.testng.SuiteRunner.run(SuiteRunner.java:286)
at org.testng.SuiteRunnerWorker.runSuite(SuiteRunnerWorker.java:53)
at org.testng.SuiteRunnerWorker.run(SuiteRunnerWorker.java:96)
at java.util.concurrent.ThreadPoolExecutor.runWorker(ThreadPoolExecutor.java:1149)
at java.util.concurrent.ThreadPoolExecutor$Worker.run(ThreadPoolExecutor.java:624)
at java.lang.Thread.run(Thread.java:748)
]]>
    </failure>
  </testcase> <!-- verifyExportAPI -->
  <testcase name="verifyExportAPI" time="2.712" classname="com.cisco.services.api_automation.tests.insights.software.OsvIT"/>
  <testcase name="verifyExportAPI" time="2.23" classname="com.cisco.services.api_automation.tests.insights.software.OsvIT"/>
  <testcase name="verifyExportAPI" time="2.65" classname="com.cisco.services.api_automation.tests.insights.software.OsvIT"/>
  <testcase name="verifyExportAPI" time="2.669" classname="com.cisco.services.api_automation.tests.insights.software.OsvIT"/>
  <testcase name="verifyExportAPI" time="3.043" classname="com.cisco.services.api_automation.tests.insights.software.OsvIT"/>
  <testcase name="verifyExportAPI" time="3.449" classname="com.cisco.services.api_automation.tests.insights.software.OsvIT"/>
  <testcase name="verifyExportAPI" time="3.272" classname="com.cisco.services.api_automation.tests.insights.software.OsvIT"/>
  <testcase name="verifyExportAPI" time="3.27" classname="com.cisco.services.api_automation.tests.insights.software.OsvIT"/>
  <testcase name="verifyExportAPI" time="4.812" classname="com.cisco.services.api_automation.tests.insights.software.OsvIT">
    <failure type="java.lang.AssertionError" message="Status Code:  expected [400] but found [500]">
      <![CDATA[java.lang.AssertionError: Status Code:  expected [400] but found [500]
at com.cisco.services.api_automation.utils.customassert.Assert.fail(Assert.java:45)
at com.cisco.services.api_automation.utils.customassert.Assert.assertEqualsImpl(Assert.java:70)
at com.cisco.services.api_automation.utils.customassert.Assert.assertEquals(Assert.java:58)
at com.cisco.services.api_automation.utils.customassert.Assert.assertEquals(Assert.java:412)
at com.cisco.services.api_automation.tests.insights.software.OsvIT.verifyExportAPI(OsvIT.java:231)
at sun.reflect.GeneratedMethodAccessor208.invoke(Unknown Source)
at sun.reflect.DelegatingMethodAccessorImpl.invoke(DelegatingMethodAccessorImpl.java:43)
at java.lang.reflect.Method.invoke(Method.java:498)
at org.testng.internal.MethodInvocationHelper.invokeMethod(MethodInvocationHelper.java:134)
at org.testng.internal.TestInvoker.invokeMethod(TestInvoker.java:597)
at org.testng.internal.TestInvoker.invokeTestMethod(TestInvoker.java:173)
at org.testng.internal.MethodRunner.runInSequence(MethodRunner.java:46)
at org.testng.internal.TestInvoker$MethodInvocationAgent.invoke(TestInvoker.java:816)
at org.testng.internal.TestInvoker.invokeTestMethods(TestInvoker.java:146)
at org.testng.internal.TestMethodWorker.invokeTestMethods(TestMethodWorker.java:146)
at org.testng.internal.TestMethodWorker.run(TestMethodWorker.java:128)
at java.util.ArrayList.forEach(ArrayList.java:1257)
at org.testng.TestRunner.privateRun(TestRunner.java:766)
at org.testng.TestRunner.run(TestRunner.java:587)
at org.testng.SuiteRunner.runTest(SuiteRunner.java:384)
at org.testng.SuiteRunner.runSequentially(SuiteRunner.java:378)
at org.testng.SuiteRunner.privateRun(SuiteRunner.java:337)
at org.testng.SuiteRunner.run(SuiteRunner.java:286)
at org.testng.SuiteRunnerWorker.runSuite(SuiteRunnerWorker.java:53)
at org.testng.SuiteRunnerWorker.run(SuiteRunnerWorker.java:96)
at java.util.concurrent.ThreadPoolExecutor.runWorker(ThreadPoolExecutor.java:1149)
at java.util.concurrent.ThreadPoolExecutor$Worker.run(ThreadPoolExecutor.java:624)
at java.lang.Thread.run(Thread.java:748)
]]>
    </failure>
  </testcase> <!-- verifyExportAPI -->
  <testcase name="verifyFeaturesAPI" time="4.061" classname="com.cisco.services.api_automation.tests.insights.software.OsvIT"/>
  <testcase name="verifyFeaturesAPI" time="3.45" classname="com.cisco.services.api_automation.tests.insights.software.OsvIT"/>
  <testcase name="verifyFeaturesAPI" time="2.42" classname="com.cisco.services.api_automation.tests.insights.software.OsvIT">
    <failure type="java.lang.AssertionError" message="Status Code:  expected [400] but found [500]">
      <![CDATA[java.lang.AssertionError: Status Code:  expected [400] but found [500]
at com.cisco.services.api_automation.utils.customassert.Assert.fail(Assert.java:45)
at com.cisco.services.api_automation.utils.customassert.Assert.assertEqualsImpl(Assert.java:70)
at com.cisco.services.api_automation.utils.customassert.Assert.assertEquals(Assert.java:58)
at com.cisco.services.api_automation.utils.customassert.Assert.assertEquals(Assert.java:412)
at com.cisco.services.api_automation.tests.insights.software.OsvIT.verifyFeaturesAPI(OsvIT.java:280)
at sun.reflect.NativeMethodAccessorImpl.invoke0(Native Method)
at sun.reflect.NativeMethodAccessorImpl.invoke(NativeMethodAccessorImpl.java:62)
at sun.reflect.DelegatingMethodAccessorImpl.invoke(DelegatingMethodAccessorImpl.java:43)
at java.lang.reflect.Method.invoke(Method.java:498)
at org.testng.internal.MethodInvocationHelper.invokeMethod(MethodInvocationHelper.java:134)
at org.testng.internal.TestInvoker.invokeMethod(TestInvoker.java:597)
at org.testng.internal.TestInvoker.invokeTestMethod(TestInvoker.java:173)
at org.testng.internal.MethodRunner.runInSequence(MethodRunner.java:46)
at org.testng.internal.TestInvoker$MethodInvocationAgent.invoke(TestInvoker.java:816)
at org.testng.internal.TestInvoker.invokeTestMethods(TestInvoker.java:146)
at org.testng.internal.TestMethodWorker.invokeTestMethods(TestMethodWorker.java:146)
at org.testng.internal.TestMethodWorker.run(TestMethodWorker.java:128)
at java.util.ArrayList.forEach(ArrayList.java:1257)
at org.testng.TestRunner.privateRun(TestRunner.java:766)
at org.testng.TestRunner.run(TestRunner.java:587)
at org.testng.SuiteRunner.runTest(SuiteRunner.java:384)
at org.testng.SuiteRunner.runSequentially(SuiteRunner.java:378)
at org.testng.SuiteRunner.privateRun(SuiteRunner.java:337)
at org.testng.SuiteRunner.run(SuiteRunner.java:286)
at org.testng.SuiteRunnerWorker.runSuite(SuiteRunnerWorker.java:53)
at org.testng.SuiteRunnerWorker.run(SuiteRunnerWorker.java:96)
at java.util.concurrent.ThreadPoolExecutor.runWorker(ThreadPoolExecutor.java:1149)
at java.util.concurrent.ThreadPoolExecutor$Worker.run(ThreadPoolExecutor.java:624)
at java.lang.Thread.run(Thread.java:748)
]]>
    </failure>
  </testcase> <!-- verifyFeaturesAPI -->
  <testcase name="verifyFeaturesAPI" time="2.816" classname="com.cisco.services.api_automation.tests.insights.software.OsvIT"/>
  <testcase name="verifyFeaturesAPI" time="2.188" classname="com.cisco.services.api_automation.tests.insights.software.OsvIT"/>
  <testcase name="verifyInactiveTokenAPI" time="2.304" classname="com.cisco.services.api_automation.tests.insights.software.OsvIT"/>
  <testcase name="verifyInactiveTokenAPI" time="2.727" classname="com.cisco.services.api_automation.tests.insights.software.OsvIT"/>
  <testcase name="verifyInactiveTokenAPI" time="2.283" classname="com.cisco.services.api_automation.tests.insights.software.OsvIT"/>
  <testcase name="verifyInactiveTokenAPI" time="2.203" classname="com.cisco.services.api_automation.tests.insights.software.OsvIT"/>
  <testcase name="verifyInactiveTokenAPI" time="2.249" classname="com.cisco.services.api_automation.tests.insights.software.OsvIT"/>
  <testcase name="verifyInactiveTokenAPI" time="2.241" classname="com.cisco.services.api_automation.tests.insights.software.OsvIT"/>
  <testcase name="verifyInactiveTokenAPI" time="2.439" classname="com.cisco.services.api_automation.tests.insights.software.OsvIT"/>
  <testcase name="verifyInactiveTokenAPI" time="6.389" classname="com.cisco.services.api_automation.tests.insights.software.OsvIT"/>
  <testcase name="verifyInactiveTokenAPI" time="5.58" classname="com.cisco.services.api_automation.tests.insights.software.OsvIT"/>
  <testcase name="verifyInactiveTokenAPI" time="2.661" classname="com.cisco.services.api_automation.tests.insights.software.OsvIT"/>
  <testcase name="verifyInactiveTokenAPI" time="2.311" classname="com.cisco.services.api_automation.tests.insights.software.OsvIT"/>
  <testcase name="verifyInactiveTokenAPI" time="2.83" classname="com.cisco.services.api_automation.tests.insights.software.OsvIT"/>
  <testcase name="verifyInactiveTokenAPI" time="3.078" classname="com.cisco.services.api_automation.tests.insights.software.OsvIT"/>
  <testcase name="verifyInactiveTokenAPI" time="2.412" classname="com.cisco.services.api_automation.tests.insights.software.OsvIT"/>
  <testcase name="verifyInactiveTokenAPI" time="2.888" classname="com.cisco.services.api_automation.tests.insights.software.OsvIT"/>
  <testcase name="verifyInactiveTokenAPI" time="2.85" classname="com.cisco.services.api_automation.tests.insights.software.OsvIT"/>
  <testcase name="verifyInactiveTokenAPI" time="4.69" classname="com.cisco.services.api_automation.tests.insights.software.OsvIT"/>
  <testcase name="verifyInactiveTokenAPI" time="2.404" classname="com.cisco.services.api_automation.tests.insights.software.OsvIT"/>
  <testcase name="verifyInactiveTokenAPI" time="2.177" classname="com.cisco.services.api_automation.tests.insights.software.OsvIT"/>
  <testcase name="verifyInactiveTokenAPI" time="3.163" classname="com.cisco.services.api_automation.tests.insights.software.OsvIT"/>
  <testcase name="verifyProfilesAPI" time="2.95" classname="com.cisco.services.api_automation.tests.insights.software.OsvIT"/>
  <testcase name="verifyProfilesAPI" time="2.82" classname="com.cisco.services.api_automation.tests.insights.software.OsvIT"/>
  <testcase name="verifyProfilesAPI" time="2.763" classname="com.cisco.services.api_automation.tests.insights.software.OsvIT"/>
  <testcase name="verifyProfilesAPI" time="2.329" classname="com.cisco.services.api_automation.tests.insights.software.OsvIT">
    <failure type="java.lang.AssertionError" message="Status Code:  expected [400] but found [500]">
      <![CDATA[java.lang.AssertionError: Status Code:  expected [400] but found [500]
at com.cisco.services.api_automation.utils.customassert.Assert.fail(Assert.java:45)
at com.cisco.services.api_automation.utils.customassert.Assert.assertEqualsImpl(Assert.java:70)
at com.cisco.services.api_automation.utils.customassert.Assert.assertEquals(Assert.java:58)
at com.cisco.services.api_automation.utils.customassert.Assert.assertEquals(Assert.java:412)
at com.cisco.services.api_automation.tests.insights.software.OsvIT.verifyProfilesAPI(OsvIT.java:198)
at sun.reflect.NativeMethodAccessorImpl.invoke0(Native Method)
at sun.reflect.NativeMethodAccessorImpl.invoke(NativeMethodAccessorImpl.java:62)
at sun.reflect.DelegatingMethodAccessorImpl.invoke(DelegatingMethodAccessorImpl.java:43)
at java.lang.reflect.Method.invoke(Method.java:498)
at org.testng.internal.MethodInvocationHelper.invokeMethod(MethodInvocationHelper.java:134)
at org.testng.internal.TestInvoker.invokeMethod(TestInvoker.java:597)
at org.testng.internal.TestInvoker.invokeTestMethod(TestInvoker.java:173)
at org.testng.internal.MethodRunner.runInSequence(MethodRunner.java:46)
at org.testng.internal.TestInvoker$MethodInvocationAgent.invoke(TestInvoker.java:816)
at org.testng.internal.TestInvoker.invokeTestMethods(TestInvoker.java:146)
at org.testng.internal.TestMethodWorker.invokeTestMethods(TestMethodWorker.java:146)
at org.testng.internal.TestMethodWorker.run(TestMethodWorker.java:128)
at java.util.ArrayList.forEach(ArrayList.java:1257)
at org.testng.TestRunner.privateRun(TestRunner.java:766)
at org.testng.TestRunner.run(TestRunner.java:587)
at org.testng.SuiteRunner.runTest(SuiteRunner.java:384)
at org.testng.SuiteRunner.runSequentially(SuiteRunner.java:378)
at org.testng.SuiteRunner.privateRun(SuiteRunner.java:337)
at org.testng.SuiteRunner.run(SuiteRunner.java:286)
at org.testng.SuiteRunnerWorker.runSuite(SuiteRunnerWorker.java:53)
at org.testng.SuiteRunnerWorker.run(SuiteRunnerWorker.java:96)
at java.util.concurrent.ThreadPoolExecutor.runWorker(ThreadPoolExecutor.java:1149)
at java.util.concurrent.ThreadPoolExecutor$Worker.run(ThreadPoolExecutor.java:624)
at java.lang.Thread.run(Thread.java:748)
]]>
    </failure>
  </testcase> <!-- verifyProfilesAPI -->
  <testcase name="verifyProfilesAPI" time="4.934" classname="com.cisco.services.api_automation.tests.insights.software.OsvIT"/>
  <testcase name="verifyProfilesAPI" time="2.925" classname="com.cisco.services.api_automation.tests.insights.software.OsvIT"/>
  <testcase name="verifyProfilesAPI" time="2.686" classname="com.cisco.services.api_automation.tests.insights.software.OsvIT"/>
  <testcase name="verifyProfilesAPI" time="3.823" classname="com.cisco.services.api_automation.tests.insights.software.OsvIT"/>
  <testcase name="verifyProfilesAPI" time="3.029" classname="com.cisco.services.api_automation.tests.insights.software.OsvIT"/>
  <testcase name="verifyProfilesAPI" time="2.778" classname="com.cisco.services.api_automation.tests.insights.software.OsvIT"/>
  <testcase name="verifyProfilesAPI" time="3.174" classname="com.cisco.services.api_automation.tests.insights.software.OsvIT"/>
  <testcase name="verifyProfilesAPI" time="3.615" classname="com.cisco.services.api_automation.tests.insights.software.OsvIT"/>
  <testcase name="verifyProfilesAPI" time="3.506" classname="com.cisco.services.api_automation.tests.insights.software.OsvIT"/>
  <testcase name="verifyProfilesAPI" time="3.265" classname="com.cisco.services.api_automation.tests.insights.software.OsvIT"/>
  <testcase name="verifyProfilesAPI" time="3.043" classname="com.cisco.services.api_automation.tests.insights.software.OsvIT"/>
  <testcase name="verifyProfilesAPI" time="3.445" classname="com.cisco.services.api_automation.tests.insights.software.OsvIT"/>
  <testcase name="verifyProfilesAPI" time="3.471" classname="com.cisco.services.api_automation.tests.insights.software.OsvIT"/>
  <testcase name="verifyProfilesAPI" time="2.67" classname="com.cisco.services.api_automation.tests.insights.software.OsvIT"/>
  <testcase name="verifySummaryAPI" time="5.603" classname="com.cisco.services.api_automation.tests.insights.software.OsvIT"/>
  <testcase name="verifySummaryAPI" time="2.843" classname="com.cisco.services.api_automation.tests.insights.software.OsvIT"/>
  <testcase name="verifySummaryAPI" time="3.481" classname="com.cisco.services.api_automation.tests.insights.software.OsvIT"/>
  <testcase name="verifySummaryAPI" time="2.907" classname="com.cisco.services.api_automation.tests.insights.software.OsvIT">
    <failure type="java.lang.AssertionError" message="Status Code:  expected [400] but found [500]">
      <![CDATA[java.lang.AssertionError: Status Code:  expected [400] but found [500]
at com.cisco.services.api_automation.utils.customassert.Assert.fail(Assert.java:45)
at com.cisco.services.api_automation.utils.customassert.Assert.assertEqualsImpl(Assert.java:70)
at com.cisco.services.api_automation.utils.customassert.Assert.assertEquals(Assert.java:58)
at com.cisco.services.api_automation.utils.customassert.Assert.assertEquals(Assert.java:412)
at com.cisco.services.api_automation.tests.insights.software.OsvIT.verifySummaryAPI(OsvIT.java:179)
at sun.reflect.NativeMethodAccessorImpl.invoke0(Native Method)
at sun.reflect.NativeMethodAccessorImpl.invoke(NativeMethodAccessorImpl.java:62)
at sun.reflect.DelegatingMethodAccessorImpl.invoke(DelegatingMethodAccessorImpl.java:43)
at java.lang.reflect.Method.invoke(Method.java:498)
at org.testng.internal.MethodInvocationHelper.invokeMethod(MethodInvocationHelper.java:134)
at org.testng.internal.TestInvoker.invokeMethod(TestInvoker.java:597)
at org.testng.internal.TestInvoker.invokeTestMethod(TestInvoker.java:173)
at org.testng.internal.MethodRunner.runInSequence(MethodRunner.java:46)
at org.testng.internal.TestInvoker$MethodInvocationAgent.invoke(TestInvoker.java:816)
at org.testng.internal.TestInvoker.invokeTestMethods(TestInvoker.java:146)
at org.testng.internal.TestMethodWorker.invokeTestMethods(TestMethodWorker.java:146)
at org.testng.internal.TestMethodWorker.run(TestMethodWorker.java:128)
at java.util.ArrayList.forEach(ArrayList.java:1257)
at org.testng.TestRunner.privateRun(TestRunner.java:766)
at org.testng.TestRunner.run(TestRunner.java:587)
at org.testng.SuiteRunner.runTest(SuiteRunner.java:384)
at org.testng.SuiteRunner.runSequentially(SuiteRunner.java:378)
at org.testng.SuiteRunner.privateRun(SuiteRunner.java:337)
at org.testng.SuiteRunner.run(SuiteRunner.java:286)
at org.testng.SuiteRunnerWorker.runSuite(SuiteRunnerWorker.java:53)
at org.testng.SuiteRunnerWorker.run(SuiteRunnerWorker.java:96)
at java.util.concurrent.ThreadPoolExecutor.runWorker(ThreadPoolExecutor.java:1149)
at java.util.concurrent.ThreadPoolExecutor$Worker.run(ThreadPoolExecutor.java:624)
at java.lang.Thread.run(Thread.java:748)
]]>
    </failure>
  </testcase> <!-- verifySummaryAPI -->
  <testcase name="verifySummaryAPI" time="3.444" classname="com.cisco.services.api_automation.tests.insights.software.OsvIT"/>
  <testcase name="verifySummaryAPI" time="3.458" classname="com.cisco.services.api_automation.tests.insights.software.OsvIT"/>
  <testcase name="verifySummaryAPI" time="4.154" classname="com.cisco.services.api_automation.tests.insights.software.OsvIT"/>
  <testcase name="verifySummaryAPI" time="5.05" classname="com.cisco.services.api_automation.tests.insights.software.OsvIT"/>
  <testcase name="verifySummaryAPI" time="5.48" classname="com.cisco.services.api_automation.tests.insights.software.OsvIT"/>
  <testcase name="verifySummaryAPI" time="4.314" classname="com.cisco.services.api_automation.tests.insights.software.OsvIT"/>
  <testcase name="verifyUpdateCancelAcceptedVersionsAPI" time="2.727" classname="com.cisco.services.api_automation.tests.insights.software.OsvIT"/>
  <testcase name="verifyUpdateCancelAcceptedVersionsAPI" time="2.771" classname="com.cisco.services.api_automation.tests.insights.software.OsvIT"/>
  <testcase name="verifyUpdateCancelAcceptedVersionsAPI" time="3.969" classname="com.cisco.services.api_automation.tests.insights.software.OsvIT"/>
  <testcase name="verifyUpdateCancelAcceptedVersionsAPI" time="3.052" classname="com.cisco.services.api_automation.tests.insights.software.OsvIT"/>
  <testcase name="verifyUpdateCancelAcceptedVersionsAPI" time="3.063" classname="com.cisco.services.api_automation.tests.insights.software.OsvIT"/>
  <testcase name="verifyUpdateCancelAcceptedVersionsAPI" time="2.031" classname="com.cisco.services.api_automation.tests.insights.software.OsvIT"/>
  <testcase name="verifyUpdateCancelAcceptedVersionsAPI" time="4.808" classname="com.cisco.services.api_automation.tests.insights.software.OsvIT"/>
  <testcase name="verifyUpdateCancelAcceptedVersionsAPI" time="4.598" classname="com.cisco.services.api_automation.tests.insights.software.OsvIT"/>
  <testcase name="verifyUpdateCancelAcceptedVersionsAPI" time="3.511" classname="com.cisco.services.api_automation.tests.insights.software.OsvIT"/>
  <testcase name="verifyUpdateCancelAcceptedVersionsAPI" time="3.215" classname="com.cisco.services.api_automation.tests.insights.software.OsvIT"/>
  <testcase name="verifyVersionsAPI" time="4.554" classname="com.cisco.services.api_automation.tests.insights.software.OsvIT"/>
  <testcase name="verifyVersionsAPI" time="4.088" classname="com.cisco.services.api_automation.tests.insights.software.OsvIT"/>
  <testcase name="verifyVersionsAPI" time="3.417" classname="com.cisco.services.api_automation.tests.insights.software.OsvIT"/>
  <testcase name="verifyVersionsAPI" time="2.693" classname="com.cisco.services.api_automation.tests.insights.software.OsvIT"/>
  <testcase name="verifyVersionsAPI" time="4.087" classname="com.cisco.services.api_automation.tests.insights.software.OsvIT"/>
  <testcase name="verifyVersionsAPI" time="3.262" classname="com.cisco.services.api_automation.tests.insights.software.OsvIT"/>
  <testcase name="verifyVersionsAPI" time="3.877" classname="com.cisco.services.api_automation.tests.insights.software.OsvIT"/>
  <testcase name="verifyVersionsAPI" time="2.838" classname="com.cisco.services.api_automation.tests.insights.software.OsvIT"/>
  <testcase name="verifyVersionsAPI" time="3.466" classname="com.cisco.services.api_automation.tests.insights.software.OsvIT"/>
  <testcase name="verifyVersionsAPI" time="2.691" classname="com.cisco.services.api_automation.tests.insights.software.OsvIT">
    <failure type="java.lang.AssertionError" message="Status Code:  expected [400] but found [500]">
      <![CDATA[java.lang.AssertionError: Status Code:  expected [400] but found [500]
at com.cisco.services.api_automation.utils.customassert.Assert.fail(Assert.java:45)
at com.cisco.services.api_automation.utils.customassert.Assert.assertEqualsImpl(Assert.java:70)
at com.cisco.services.api_automation.utils.customassert.Assert.assertEquals(Assert.java:58)
at com.cisco.services.api_automation.utils.customassert.Assert.assertEquals(Assert.java:412)
at com.cisco.services.api_automation.tests.insights.software.OsvIT.verifyVersionsAPI(OsvIT.java:244)
at sun.reflect.NativeMethodAccessorImpl.invoke0(Native Method)
at sun.reflect.NativeMethodAccessorImpl.invoke(NativeMethodAccessorImpl.java:62)
at sun.reflect.DelegatingMethodAccessorImpl.invoke(DelegatingMethodAccessorImpl.java:43)
at java.lang.reflect.Method.invoke(Method.java:498)
at org.testng.internal.MethodInvocationHelper.invokeMethod(MethodInvocationHelper.java:134)
at org.testng.internal.TestInvoker.invokeMethod(TestInvoker.java:597)
at org.testng.internal.TestInvoker.invokeTestMethod(TestInvoker.java:173)
at org.testng.internal.MethodRunner.runInSequence(MethodRunner.java:46)
at org.testng.internal.TestInvoker$MethodInvocationAgent.invoke(TestInvoker.java:816)
at org.testng.internal.TestInvoker.invokeTestMethods(TestInvoker.java:146)
at org.testng.internal.TestMethodWorker.invokeTestMethods(TestMethodWorker.java:146)
at org.testng.internal.TestMethodWorker.run(TestMethodWorker.java:128)
at java.util.ArrayList.forEach(ArrayList.java:1257)
at org.testng.TestRunner.privateRun(TestRunner.java:766)
at org.testng.TestRunner.run(TestRunner.java:587)
at org.testng.SuiteRunner.runTest(SuiteRunner.java:384)
at org.testng.SuiteRunner.runSequentially(SuiteRunner.java:378)
at org.testng.SuiteRunner.privateRun(SuiteRunner.java:337)
at org.testng.SuiteRunner.run(SuiteRunner.java:286)
at org.testng.SuiteRunnerWorker.runSuite(SuiteRunnerWorker.java:53)
at org.testng.SuiteRunnerWorker.run(SuiteRunnerWorker.java:96)
at java.util.concurrent.ThreadPoolExecutor.runWorker(ThreadPoolExecutor.java:1149)
at java.util.concurrent.ThreadPoolExecutor$Worker.run(ThreadPoolExecutor.java:624)
at java.lang.Thread.run(Thread.java:748)
]]>
    </failure>
  </testcase> <!-- verifyVersionsAPI -->
  <testcase name="verifyVersionsAPI" time="2.809" classname="com.cisco.services.api_automation.tests.insights.software.OsvIT"/>
  <testcase name="verifyVersionsAPI" time="3.795" classname="com.cisco.services.api_automation.tests.insights.software.OsvIT"/>
  <testcase name="verifyVersionsAPI" time="2.543" classname="com.cisco.services.api_automation.tests.insights.software.OsvIT"/>
  <testcase name="verifyProfilesIDAPI" time="4.042" classname="com.cisco.services.api_automation.tests.insights.software.OsvIT"/>
  <testcase name="verifyProfilesIDAPI" time="3.436" classname="com.cisco.services.api_automation.tests.insights.software.OsvIT"/>
  <testcase name="verifyOSVAPIs" time="2.484" classname="com.cisco.services.api_automation.tests.insights.software.OsvIT"/>
  <testcase name="verifyOSVAPIs" time="2.438" classname="com.cisco.services.api_automation.tests.insights.software.OsvIT"/>
  <testcase name="verifyOSVAPIs" time="2.241" classname="com.cisco.services.api_automation.tests.insights.software.OsvIT"/>
  <testcase name="verifyOSVAPIs" time="2.641" classname="com.cisco.services.api_automation.tests.insights.software.OsvIT"/>
  <testcase name="verifyOSVAPIs" time="2.073" classname="com.cisco.services.api_automation.tests.insights.software.OsvIT"/>
  <testcase name="verifyOSVAPIs" time="3.237" classname="com.cisco.services.api_automation.tests.insights.software.OsvIT"/>
  <testcase name="verifyOSVAPIs" time="2.642" classname="com.cisco.services.api_automation.tests.insights.software.OsvIT"/>
  <testcase name="verifyOSVAPIs" time="2.371" classname="com.cisco.services.api_automation.tests.insights.software.OsvIT"/>
  <testcase name="verifyOSVAPIs" time="3.42" classname="com.cisco.services.api_automation.tests.insights.software.OsvIT"/>
  <testcase name="verifyOSVAPIs" time="3.299" classname="com.cisco.services.api_automation.tests.insights.software.OsvIT"/>
  <testcase name="verifyOSVAPIs" time="3.978" classname="com.cisco.services.api_automation.tests.insights.software.OsvIT"/>
  <testcase name="verifyOSVAPIs" time="3.262" classname="com.cisco.services.api_automation.tests.insights.software.OsvIT"/>
  <testcase name="verifyOSVAPIs" time="3.242" classname="com.cisco.services.api_automation.tests.insights.software.OsvIT"/>
  <testcase name="verifyOSVAPIs" time="3.26" classname="com.cisco.services.api_automation.tests.insights.software.OsvIT"/>
  <testcase name="verifyOSVAPIs" time="1.788" classname="com.cisco.services.api_automation.tests.insights.software.OsvIT"/>
  <testcase name="verifyOSVAPIs" time="2.481" classname="com.cisco.services.api_automation.tests.insights.software.OsvIT"/>
  <testcase name="verifyOSVAPIs" time="2.849" classname="com.cisco.services.api_automation.tests.insights.software.OsvIT"/>
  <testcase name="verifyOSVAPIs" time="2.457" classname="com.cisco.services.api_automation.tests.insights.software.OsvIT"/>
  <testcase name="verifyOSVAPIs" time="2.643" classname="com.cisco.services.api_automation.tests.insights.software.OsvIT"/>
  <testcase name="verifyOSVAPIs" time="2.247" classname="com.cisco.services.api_automation.tests.insights.software.OsvIT"/>
  <testcase name="verifyOSVAPIs" time="2.87" classname="com.cisco.services.api_automation.tests.insights.software.OsvIT"/>
  <testcase name="verifyOSVAPIs" time="2.834" classname="com.cisco.services.api_automation.tests.insights.software.OsvIT"/>
  <testcase name="verifyOSVAPIs" time="3.427" classname="com.cisco.services.api_automation.tests.insights.software.OsvIT"/>
  <testcase name="verifyOSVAPIs" time="3.212" classname="com.cisco.services.api_automation.tests.insights.software.OsvIT"/>
  <testcase name="verifyOSVAPIs" time="3.76" classname="com.cisco.services.api_automation.tests.insights.software.OsvIT"/>
  <testcase name="verifyOSVAPIs" time="2.425" classname="com.cisco.services.api_automation.tests.insights.software.OsvIT"/>
  <testcase name="verifyAffectedAssetsAPI" time="4.578" classname="com.cisco.services.api_automation.tests.insights.software.OsvIT"/>
  <testcase name="verifyAffectedAssetsAPI" time="4.097" classname="com.cisco.services.api_automation.tests.insights.software.OsvIT"/>
  <testcase name="verifyAffectedAssetsAPI" time="2.861" classname="com.cisco.services.api_automation.tests.insights.software.OsvIT"/>
  <testcase name="verifyAffectedAssetsAPI" time="3.264" classname="com.cisco.services.api_automation.tests.insights.software.OsvIT"/>
  <testcase name="verifyAffectedAssetsAPI" time="3.471" classname="com.cisco.services.api_automation.tests.insights.software.OsvIT"/>
  <testcase name="verifyAffectedAssetsAPI" time="3.125" classname="com.cisco.services.api_automation.tests.insights.software.OsvIT"/>
  <testcase name="verifyAffectedAssetsAPI" time="2.584" classname="com.cisco.services.api_automation.tests.insights.software.OsvIT"/>
</testsuite> <!-- Default test -->
