<?xml version="1.0" encoding="UTF-8"?>
<testng-results skipped="0" failed="9" ignored="0" total="162" passed="153">
  <reporter-output>
  </reporter-output>
  <suite name="Default suite" duration-ms="572222" started-at="2020-12-07T19:00:48 IST" finished-at="2020-12-07T19:10:20 IST">
    <groups>
      <group name="regression">
        <method signature="OsvIT.verifyAdminSettingsAPI(org.testng.ITestContext, java.lang.String, java.lang.String, java.lang.String, java.lang.String, java.lang.String, java.lang.String, java.lang.String, java.lang.String)[pri:0, instance:com.cisco.services.api_automation.tests.insights.software.OsvIT@2776015d]" name="verifyAdminSettingsAPI" class="com.cisco.services.api_automation.tests.insights.software.OsvIT"/>
        <method signature="OsvIT.verifyAffectedAssetsAPI(org.testng.ITestContext, java.lang.String, java.lang.String, java.lang.String, java.lang.String, java.lang.String, java.lang.String, java.lang.String, java.lang.String)[pri:3, instance:com.cisco.services.api_automation.tests.insights.software.OsvIT@2776015d]" name="verifyAffectedAssetsAPI" class="com.cisco.services.api_automation.tests.insights.software.OsvIT"/>
        <method signature="OsvIT.verifyDetailsAPI(org.testng.ITestContext, java.lang.String, java.lang.String, java.lang.String, java.lang.String, java.lang.String, java.lang.String, java.lang.String, java.lang.String)[pri:0, instance:com.cisco.services.api_automation.tests.insights.software.OsvIT@2776015d]" name="verifyDetailsAPI" class="com.cisco.services.api_automation.tests.insights.software.OsvIT"/>
        <method signature="OsvIT.verifyExportAPI(org.testng.ITestContext, java.lang.String, java.lang.String, java.lang.String, java.lang.String, java.lang.String, java.lang.String, java.lang.String, java.lang.String)[pri:0, instance:com.cisco.services.api_automation.tests.insights.software.OsvIT@2776015d]" name="verifyExportAPI" class="com.cisco.services.api_automation.tests.insights.software.OsvIT"/>
        <method signature="OsvIT.verifyFeaturesAPI(org.testng.ITestContext, java.lang.String, java.lang.String, java.lang.String, java.lang.String, java.lang.String, java.lang.String, java.lang.String, java.lang.String)[pri:0, instance:com.cisco.services.api_automation.tests.insights.software.OsvIT@2776015d]" name="verifyFeaturesAPI" class="com.cisco.services.api_automation.tests.insights.software.OsvIT"/>
        <method signature="OsvIT.verifyInactiveTokenAPI(java.lang.String, java.lang.String, java.lang.String, java.lang.String, java.lang.String, java.lang.String, java.lang.String)[pri:0, instance:com.cisco.services.api_automation.tests.insights.software.OsvIT@2776015d]" name="verifyInactiveTokenAPI" class="com.cisco.services.api_automation.tests.insights.software.OsvIT"/>
        <method signature="OsvIT.verifyOSVAPIs(org.testng.ITestContext, java.lang.String, java.lang.String, java.lang.String, java.lang.String, java.lang.String, java.lang.String, java.lang.String, java.lang.String)[pri:2, instance:com.cisco.services.api_automation.tests.insights.software.OsvIT@2776015d]" name="verifyOSVAPIs" class="com.cisco.services.api_automation.tests.insights.software.OsvIT"/>
        <method signature="OsvIT.verifyProfilesAPI(org.testng.ITestContext, java.lang.String, java.lang.String, java.lang.String, java.lang.String, java.lang.String, java.lang.String, java.lang.String, java.lang.String)[pri:0, instance:com.cisco.services.api_automation.tests.insights.software.OsvIT@2776015d]" name="verifyProfilesAPI" class="com.cisco.services.api_automation.tests.insights.software.OsvIT"/>
        <method signature="OsvIT.verifyProfilesIDAPI(java.lang.String, java.lang.String, java.lang.String, java.lang.String, java.lang.String, java.lang.String, java.lang.String)[pri:1, instance:com.cisco.services.api_automation.tests.insights.software.OsvIT@2776015d]" name="verifyProfilesIDAPI" class="com.cisco.services.api_automation.tests.insights.software.OsvIT"/>
        <method signature="OsvIT.verifySummaryAPI(org.testng.ITestContext, java.lang.String, java.lang.String, java.lang.String, java.lang.String, java.lang.String, java.lang.String, java.lang.String, java.lang.String)[pri:0, instance:com.cisco.services.api_automation.tests.insights.software.OsvIT@2776015d]" name="verifySummaryAPI" class="com.cisco.services.api_automation.tests.insights.software.OsvIT"/>
        <method signature="OsvIT.verifyUpdateCancelAcceptedVersionsAPI(org.testng.ITestContext, java.lang.String, java.lang.String, java.lang.String, java.lang.String, java.lang.String, java.lang.String, java.lang.String, java.lang.String)[pri:0, instance:com.cisco.services.api_automation.tests.insights.software.OsvIT@2776015d]" name="verifyUpdateCancelAcceptedVersionsAPI" class="com.cisco.services.api_automation.tests.insights.software.OsvIT"/>
        <method signature="OsvIT.verifyVersionsAPI(org.testng.ITestContext, java.lang.String, java.lang.String, java.lang.String, java.lang.String, java.lang.String, java.lang.String, java.lang.String, java.lang.String)[pri:0, instance:com.cisco.services.api_automation.tests.insights.software.OsvIT@2776015d]" name="verifyVersionsAPI" class="com.cisco.services.api_automation.tests.insights.software.OsvIT"/>
      </group> <!-- regression -->
    </groups>
    <test name="Default test" duration-ms="572222" started-at="2020-12-07T19:00:48 IST" finished-at="2020-12-07T19:10:20 IST">
      <class name="com.cisco.services.api_automation.tests.insights.software.OsvIT">
        <test-method status="PASS" signature="verifyAdminSettingsAPI(org.testng.ITestContext, java.lang.String, java.lang.String, java.lang.String, java.lang.String, java.lang.String, java.lang.String, java.lang.String, java.lang.String)[pri:0, instance:com.cisco.services.api_automation.tests.insights.software.OsvIT@2776015d]" name="verifyAdminSettingsAPI" duration-ms="54338" started-at="2020-12-07T19:00:52 IST" data-provider="adminSettings" finished-at="2020-12-07T19:01:46 IST">
          <params>
            <param index="0">
              <value>
                <![CDATA[org.testng.TestRunner@7da2c05c]]>
              </value>
            </param>
            <param index="1">
              <value>
                <![CDATA[GET]]>
              </value>
            </param>
            <param index="2">
              <value>
                <![CDATA[/osv-ui/v1/getAdminSettings]]>
              </value>
            </param>
            <param index="3">
              <value>
                <![CDATA[cx-context,[{"saId":"337115","vaId":"0","customerId":"xvZ6gHKLKoH8qy","solution":"IBN","cxLevel":"2"}]]]>
              </value>
            </param>
            <param index="4">
              <value>
                <![CDATA[customerId=xvZ6gHKLKoH8qy&saId=337115&cxLevel=2&solution=IBN]]>
              </value>
            </param>
            <param index="5">
              <value>
                <![CDATA[]]>
              </value>
            </param>
            <param index="6">
              <value>
                <![CDATA[200]]>
              </value>
            </param>
            <param index="7">
              <value>
                <![CDATA[{
  "customerId": "xvZ6gHKLKoH8qy",
  "lastRecommendedDate": null,
  "mlInterval": 6,
  "lastIntervalChangeDate": "2020-08-19T00:00:00.000+0000",
  "nextRecommendedDate": "2021-02-19T00:00:00.000+0000",
  "errorDesc": null,
  "error": false
}]]>
              </value>
            </param>
            <param index="8">
              <value>
                <![CDATA[Tm5556043c]]>
              </value>
            </param>
          </params>
          <reporter-output>
          </reporter-output>
        </test-method> <!-- verifyAdminSettingsAPI -->
        <test-method status="PASS" signature="verifyAdminSettingsAPI(org.testng.ITestContext, java.lang.String, java.lang.String, java.lang.String, java.lang.String, java.lang.String, java.lang.String, java.lang.String, java.lang.String)[pri:0, instance:com.cisco.services.api_automation.tests.insights.software.OsvIT@2776015d]" name="verifyAdminSettingsAPI" duration-ms="2484" started-at="2020-12-07T19:01:46 IST" data-provider="adminSettings" finished-at="2020-12-07T19:01:49 IST">
          <params>
            <param index="0">
              <value>
                <![CDATA[org.testng.TestRunner@7da2c05c]]>
              </value>
            </param>
            <param index="1">
              <value>
                <![CDATA[GET]]>
              </value>
            </param>
            <param index="2">
              <value>
                <![CDATA[/osv-ui/v1/getAdminSettings]]>
              </value>
            </param>
            <param index="3">
              <value>
                <![CDATA[cx-context,[{"saId":"337115","vaId":"0","customerId":"xvZ6gHKLKoH8qy","solution":"IBN","cxLevel":"2"}]]]>
              </value>
            </param>
            <param index="4">
              <value>
                <![CDATA[customerId=&saId=337115&cxLevel=2&solution=IBN]]>
              </value>
            </param>
            <param index="5">
              <value>
                <![CDATA[]]>
              </value>
            </param>
            <param index="6">
              <value>
                <![CDATA[500]]>
              </value>
            </param>
            <param index="7">
              <value>
                <![CDATA[{
  "timestamp": "2020-09-10T11:29:03.193+0000",
  "status": 500,
  "error": "Internal Server Error",
  "message": "403 FORBIDDEN \"Policy Authorization failed\"",
  "path": "/osv-ui/v1/getAdminSettings"
}]]>
              </value>
            </param>
            <param index="8">
              <value>
                <![CDATA[Tm5556040c]]>
              </value>
            </param>
          </params>
          <reporter-output>
          </reporter-output>
        </test-method> <!-- verifyAdminSettingsAPI -->
        <test-method status="PASS" signature="verifyAdminSettingsAPI(org.testng.ITestContext, java.lang.String, java.lang.String, java.lang.String, java.lang.String, java.lang.String, java.lang.String, java.lang.String, java.lang.String)[pri:0, instance:com.cisco.services.api_automation.tests.insights.software.OsvIT@2776015d]" name="verifyAdminSettingsAPI" duration-ms="3013" started-at="2020-12-07T19:01:49 IST" data-provider="adminSettings" finished-at="2020-12-07T19:01:52 IST">
          <params>
            <param index="0">
              <value>
                <![CDATA[org.testng.TestRunner@7da2c05c]]>
              </value>
            </param>
            <param index="1">
              <value>
                <![CDATA[GET]]>
              </value>
            </param>
            <param index="2">
              <value>
                <![CDATA[/osv-ui/v1/getAdminSettings]]>
              </value>
            </param>
            <param index="3">
              <value>
                <![CDATA[cx-context,[{"saId":"337115","vaId":"0","customerId":"xvZ6gHKLKoH8qy","solution":"IBN","cxLevel":"2"}]]]>
              </value>
            </param>
            <param index="4">
              <value>
                <![CDATA[customerId=3sd&saId=337115&cxLevel=2&solution=IBN]]>
              </value>
            </param>
            <param index="5">
              <value>
                <![CDATA[]]>
              </value>
            </param>
            <param index="6">
              <value>
                <![CDATA[500]]>
              </value>
            </param>
            <param index="7">
              <value>
                <![CDATA[]]>
              </value>
            </param>
            <param index="8">
              <value>
                <![CDATA[Tm5556042c]]>
              </value>
            </param>
          </params>
          <reporter-output>
          </reporter-output>
        </test-method> <!-- verifyAdminSettingsAPI -->
        <test-method status="FAIL" signature="verifyAdminSettingsAPI(org.testng.ITestContext, java.lang.String, java.lang.String, java.lang.String, java.lang.String, java.lang.String, java.lang.String, java.lang.String, java.lang.String)[pri:0, instance:com.cisco.services.api_automation.tests.insights.software.OsvIT@2776015d]" name="verifyAdminSettingsAPI" duration-ms="3269" started-at="2020-12-07T19:01:52 IST" data-provider="adminSettings" finished-at="2020-12-07T19:01:55 IST">
          <params>
            <param index="0">
              <value>
                <![CDATA[org.testng.TestRunner@7da2c05c]]>
              </value>
            </param>
            <param index="1">
              <value>
                <![CDATA[GET]]>
              </value>
            </param>
            <param index="2">
              <value>
                <![CDATA[/osv-ui/v1/getAdminSettings]]>
              </value>
            </param>
            <param index="3">
              <value>
                <![CDATA[cx-context,[{"saId":"337115","vaId":"0","customerId":"xvZ6gHKLKoH8qy","solution":"IBN","cxLevel":"2"}]]]>
              </value>
            </param>
            <param index="4">
              <value>
                <![CDATA[saId=337115&cxLevel=2&solution=IBN]]>
              </value>
            </param>
            <param index="5">
              <value>
                <![CDATA[]]>
              </value>
            </param>
            <param index="6">
              <value>
                <![CDATA[400]]>
              </value>
            </param>
            <param index="7">
              <value>
                <![CDATA[{
  "timestamp": "2020-08-30T08:44:04.728+0000",
  "status": 400,
  "error": "Bad Request",
  "message": "Required String parameter 'customerId' is not present",
  "path": "/osv-ui/v1/getAdminSettings"
}]]>
              </value>
            </param>
            <param index="8">
              <value>
                <![CDATA[Tm5556039c]]>
              </value>
            </param>
          </params>
          <exception class="java.lang.AssertionError">
            <message>
              <![CDATA[Status Code:  expected [400] but found [500]]]>
            </message>
            <full-stacktrace>
              <![CDATA[java.lang.AssertionError: Status Code:  expected [400] but found [500]
at com.cisco.services.api_automation.utils.customassert.Assert.fail(Assert.java:45)
at com.cisco.services.api_automation.utils.customassert.Assert.assertEqualsImpl(Assert.java:70)
at com.cisco.services.api_automation.utils.customassert.Assert.assertEquals(Assert.java:58)
at com.cisco.services.api_automation.utils.customassert.Assert.assertEquals(Assert.java:412)
at com.cisco.services.api_automation.tests.insights.software.OsvIT.verifyAdminSettingsAPI(OsvIT.java:169)
at sun.reflect.NativeMethodAccessorImpl.invoke0(Native Method)
at sun.reflect.NativeMethodAccessorImpl.invoke(NativeMethodAccessorImpl.java:62)
at sun.reflect.DelegatingMethodAccessorImpl.invoke(DelegatingMethodAccessorImpl.java:43)
at java.lang.reflect.Method.invoke(Method.java:498)
at org.testng.internal.MethodInvocationHelper.invokeMethod(MethodInvocationHelper.java:134)
at org.testng.internal.TestInvoker.invokeMethod(TestInvoker.java:597)
at org.testng.internal.TestInvoker.invokeTestMethod(TestInvoker.java:173)
at org.testng.internal.MethodRunner.runInSequence(MethodRunner.java:46)
at org.testng.internal.TestInvoker$MethodInvocationAgent.invoke(TestInvoker.java:816)
at org.testng.internal.TestInvoker.invokeTestMethods(TestInvoker.java:146)
at org.testng.internal.TestMethodWorker.invokeTestMethods(TestMethodWorker.java:146)
at org.testng.internal.TestMethodWorker.run(TestMethodWorker.java:128)
at java.util.ArrayList.forEach(ArrayList.java:1257)
at org.testng.TestRunner.privateRun(TestRunner.java:766)
at org.testng.TestRunner.run(TestRunner.java:587)
at org.testng.SuiteRunner.runTest(SuiteRunner.java:384)
at org.testng.SuiteRunner.runSequentially(SuiteRunner.java:378)
at org.testng.SuiteRunner.privateRun(SuiteRunner.java:337)
at org.testng.SuiteRunner.run(SuiteRunner.java:286)
at org.testng.SuiteRunnerWorker.runSuite(SuiteRunnerWorker.java:53)
at org.testng.SuiteRunnerWorker.run(SuiteRunnerWorker.java:96)
at java.util.concurrent.ThreadPoolExecutor.runWorker(ThreadPoolExecutor.java:1149)
at java.util.concurrent.ThreadPoolExecutor$Worker.run(ThreadPoolExecutor.java:624)
at java.lang.Thread.run(Thread.java:748)
]]>
            </full-stacktrace>
          </exception> <!-- java.lang.AssertionError -->
          <reporter-output>
          </reporter-output>
        </test-method> <!-- verifyAdminSettingsAPI -->
        <test-method status="PASS" signature="verifyAdminSettingsAPI(org.testng.ITestContext, java.lang.String, java.lang.String, java.lang.String, java.lang.String, java.lang.String, java.lang.String, java.lang.String, java.lang.String)[pri:0, instance:com.cisco.services.api_automation.tests.insights.software.OsvIT@2776015d]" name="verifyAdminSettingsAPI" duration-ms="2236" started-at="2020-12-07T19:01:55 IST" data-provider="adminSettings" finished-at="2020-12-07T19:01:57 IST">
          <params>
            <param index="0">
              <value>
                <![CDATA[org.testng.TestRunner@7da2c05c]]>
              </value>
            </param>
            <param index="1">
              <value>
                <![CDATA[PUT]]>
              </value>
            </param>
            <param index="2">
              <value>
                <![CDATA[/osv-ui/v1/updateAdminSettings]]>
              </value>
            </param>
            <param index="3">
              <value>
                <![CDATA[cx-context,[{"saId":"337115","vaId":"0","customerId":"xvZ6gHKLKoH8qy","solution":"IBN","cxLevel":"2"}]]]>
              </value>
            </param>
            <param index="4">
              <value>
                <![CDATA[customerId=xvZ6gHKLKoH8qy&saId=337115&cxLevel=2&solution=IBN]]>
              </value>
            </param>
            <param index="5">
              <value>
                <![CDATA[{"customerId":"xvZ6gHKLKoH8qy","lastRecommendedDate":null,"mlInterval":1,"lastIntervalChangeDate":"2020-08-19T00:00:00.000+0000","nextRecommendedDate":"2021-02-19T00:00:00.000+0000","errorDesc":null,"error":false}]]>
              </value>
            </param>
            <param index="6">
              <value>
                <![CDATA[200]]>
              </value>
            </param>
            <param index="7">
              <value>
                <![CDATA[{"customerId":"xvZ6gHKLKoH8qy","lastRecommendedDate":null,"mlInterval":6,"lastIntervalChangeDate":"2020-08-30T00:00:00.000+0000","nextRecommendedDate":"2021-02-28T00:00:00.000+0000","errorDesc":null,"error":false}]]>
              </value>
            </param>
            <param index="8">
              <value>
                <![CDATA[Tm5556091c]]>
              </value>
            </param>
          </params>
          <reporter-output>
          </reporter-output>
        </test-method> <!-- verifyAdminSettingsAPI -->
        <test-method status="PASS" signature="verifyAdminSettingsAPI(org.testng.ITestContext, java.lang.String, java.lang.String, java.lang.String, java.lang.String, java.lang.String, java.lang.String, java.lang.String, java.lang.String)[pri:0, instance:com.cisco.services.api_automation.tests.insights.software.OsvIT@2776015d]" name="verifyAdminSettingsAPI" duration-ms="3857" started-at="2020-12-07T19:01:57 IST" data-provider="adminSettings" finished-at="2020-12-07T19:02:01 IST">
          <params>
            <param index="0">
              <value>
                <![CDATA[org.testng.TestRunner@7da2c05c]]>
              </value>
            </param>
            <param index="1">
              <value>
                <![CDATA[PUT]]>
              </value>
            </param>
            <param index="2">
              <value>
                <![CDATA[/osv-ui/v1/updateAdminSettings]]>
              </value>
            </param>
            <param index="3">
              <value>
                <![CDATA[cx-context,[{"saId":"337115","vaId":"0","customerId":"xvZ6gHKLKoH8qy","solution":"IBN","cxLevel":"2"}]]]>
              </value>
            </param>
            <param index="4">
              <value>
                <![CDATA[customerId=xyz&saId=337115&cxLevel=2&solution=IBN]]>
              </value>
            </param>
            <param index="5">
              <value>
                <![CDATA[{"customerId":"xyz","lastRecommendedDate":null,"mlInterval":1,"lastIntervalChangeDate":"2020-08-19T00:00:00.000+0000","nextRecommendedDate":"2021-02-19T00:00:00.000+0000","errorDesc":null,"error":false}]]>
              </value>
            </param>
            <param index="6">
              <value>
                <![CDATA[500]]>
              </value>
            </param>
            <param index="7">
              <value>
                <![CDATA[{"customerId":"xvZ6gHKLKoH8qy","lastRecommendedDate":null,"mlInterval":6,"lastIntervalChangeDate":"2020-08-30T00:00:00.000+0000","nextRecommendedDate":"2021-02-28T00:00:00.000+0000","errorDesc":null,"error":false}]]>
              </value>
            </param>
            <param index="8">
              <value>
                <![CDATA[Tm5556090c]]>
              </value>
            </param>
          </params>
          <reporter-output>
          </reporter-output>
        </test-method> <!-- verifyAdminSettingsAPI -->
        <test-method status="FAIL" signature="verifyAdminSettingsAPI(org.testng.ITestContext, java.lang.String, java.lang.String, java.lang.String, java.lang.String, java.lang.String, java.lang.String, java.lang.String, java.lang.String)[pri:0, instance:com.cisco.services.api_automation.tests.insights.software.OsvIT@2776015d]" name="verifyAdminSettingsAPI" duration-ms="2271" started-at="2020-12-07T19:02:01 IST" data-provider="adminSettings" finished-at="2020-12-07T19:02:03 IST">
          <params>
            <param index="0">
              <value>
                <![CDATA[org.testng.TestRunner@7da2c05c]]>
              </value>
            </param>
            <param index="1">
              <value>
                <![CDATA[PUT]]>
              </value>
            </param>
            <param index="2">
              <value>
                <![CDATA[/osv-ui/v1/updateAdminSettings]]>
              </value>
            </param>
            <param index="3">
              <value>
                <![CDATA[cx-context,[{"saId":"337115","vaId":"0","customerId":"xvZ6gHKLKoH8qy","solution":"IBN","cxLevel":"2"}]]]>
              </value>
            </param>
            <param index="4">
              <value>
                <![CDATA[customerId=xvZ6gHKLKoH8qy&saId=337115&cxLevel=2&solution=IBN]]>
              </value>
            </param>
            <param index="5">
              <value>
                <![CDATA[{"lastRecommendedDate":null,"mlInterval":1,"lastIntervalChangeDate":"2020-08-19T00:00:00.000+0000","nextRecommendedDate":"2021-02-19T00:00:00.000+0000","errorDesc":null,"error":false}]]>
              </value>
            </param>
            <param index="6">
              <value>
                <![CDATA[400]]>
              </value>
            </param>
            <param index="7">
              <value>
                <![CDATA[{"customerId":"xvZ6gHKLKoH8qy","lastRecommendedDate":null,"mlInterval":6,"lastIntervalChangeDate":"2020-08-30T00:00:00.000+0000","nextRecommendedDate":"2021-02-28T00:00:00.000+0000","errorDesc":null,"error":false}]]>
              </value>
            </param>
            <param index="8">
              <value>
                <![CDATA[Tm5556092c]]>
              </value>
            </param>
          </params>
          <exception class="java.lang.AssertionError">
            <message>
              <![CDATA[Status Code:  expected [400] but found [200]]]>
            </message>
            <full-stacktrace>
              <![CDATA[java.lang.AssertionError: Status Code:  expected [400] but found [200]
at com.cisco.services.api_automation.utils.customassert.Assert.fail(Assert.java:45)
at com.cisco.services.api_automation.utils.customassert.Assert.assertEqualsImpl(Assert.java:70)
at com.cisco.services.api_automation.utils.customassert.Assert.assertEquals(Assert.java:58)
at com.cisco.services.api_automation.utils.customassert.Assert.assertEquals(Assert.java:412)
at com.cisco.services.api_automation.tests.insights.software.OsvIT.verifyAdminSettingsAPI(OsvIT.java:169)
at sun.reflect.NativeMethodAccessorImpl.invoke0(Native Method)
at sun.reflect.NativeMethodAccessorImpl.invoke(NativeMethodAccessorImpl.java:62)
at sun.reflect.DelegatingMethodAccessorImpl.invoke(DelegatingMethodAccessorImpl.java:43)
at java.lang.reflect.Method.invoke(Method.java:498)
at org.testng.internal.MethodInvocationHelper.invokeMethod(MethodInvocationHelper.java:134)
at org.testng.internal.TestInvoker.invokeMethod(TestInvoker.java:597)
at org.testng.internal.TestInvoker.invokeTestMethod(TestInvoker.java:173)
at org.testng.internal.MethodRunner.runInSequence(MethodRunner.java:46)
at org.testng.internal.TestInvoker$MethodInvocationAgent.invoke(TestInvoker.java:816)
at org.testng.internal.TestInvoker.invokeTestMethods(TestInvoker.java:146)
at org.testng.internal.TestMethodWorker.invokeTestMethods(TestMethodWorker.java:146)
at org.testng.internal.TestMethodWorker.run(TestMethodWorker.java:128)
at java.util.ArrayList.forEach(ArrayList.java:1257)
at org.testng.TestRunner.privateRun(TestRunner.java:766)
at org.testng.TestRunner.run(TestRunner.java:587)
at org.testng.SuiteRunner.runTest(SuiteRunner.java:384)
at org.testng.SuiteRunner.runSequentially(SuiteRunner.java:378)
at org.testng.SuiteRunner.privateRun(SuiteRunner.java:337)
at org.testng.SuiteRunner.run(SuiteRunner.java:286)
at org.testng.SuiteRunnerWorker.runSuite(SuiteRunnerWorker.java:53)
at org.testng.SuiteRunnerWorker.run(SuiteRunnerWorker.java:96)
at java.util.concurrent.ThreadPoolExecutor.runWorker(ThreadPoolExecutor.java:1149)
at java.util.concurrent.ThreadPoolExecutor$Worker.run(ThreadPoolExecutor.java:624)
at java.lang.Thread.run(Thread.java:748)
]]>
            </full-stacktrace>
          </exception> <!-- java.lang.AssertionError -->
          <reporter-output>
          </reporter-output>
        </test-method> <!-- verifyAdminSettingsAPI -->
        <test-method status="PASS" signature="verifyAdminSettingsAPI(org.testng.ITestContext, java.lang.String, java.lang.String, java.lang.String, java.lang.String, java.lang.String, java.lang.String, java.lang.String, java.lang.String)[pri:0, instance:com.cisco.services.api_automation.tests.insights.software.OsvIT@2776015d]" name="verifyAdminSettingsAPI" duration-ms="3111" started-at="2020-12-07T19:02:03 IST" data-provider="adminSettings" finished-at="2020-12-07T19:02:07 IST">
          <params>
            <param index="0">
              <value>
                <![CDATA[org.testng.TestRunner@7da2c05c]]>
              </value>
            </param>
            <param index="1">
              <value>
                <![CDATA[GET]]>
              </value>
            </param>
            <param index="2">
              <value>
                <![CDATA[/osv-ui/v1/exportProfiles]]>
              </value>
            </param>
            <param index="3">
              <value>
                <![CDATA[cx-context,[{"saId":"337115","vaId":"0","customerId":"xvZ6gHKLKoH8qy","solution":"IBN","cxLevel":"2"}]]]>
              </value>
            </param>
            <param index="4">
              <value>
                <![CDATA[customerId=xvZ6gHKLKoH8qy&pageIndex=1&pageSize=10&sort=profileName&sortOrder=asc&search=&solution=IBN&saId=337115&cxLevel=2&filter=&searchCategory=ALL&fileName=softwaregroups]]>
              </value>
            </param>
            <param index="5">
              <value>
                <![CDATA[]]>
              </value>
            </param>
            <param index="6">
              <value>
                <![CDATA[200]]>
              </value>
            </param>
            <param index="7">
              <value>
                <![CDATA["Software Group","Source","Product Family","Software Type","Current Release","Risk Level","Selected Release","Systems","Suggestions"
"AIR-CT3504-K9","10.127.102.216","Cisco 3500 Series Wireless Controllers","AireOS","8.5.151.0","Medium","8.5.161.0","1","Yes"
"C9200L-48T-4G","10.127.102.216","Cisco Catalyst 9200 Series Switches","IOS-XE","16.9.2","Medium",,"1","Yes"
"C9407R","10.127.102.216","Cisco Catalyst 9400 Series Switches","IOS-XE","16.8.1a","NA","","1","No"
"C9500-40X","10.127.102.216","Cisco Catalyst 9500 Series Switches","IOS-XE","16.9.3","Medium",,"1","Yes"
"C9606R","10.127.102.216","Cisco Catalyst 9600 Series Switches","IOS-XE","16.11.1","Medium",,"1","Yes"
"C9800-CL-K9","10.127.102.216","Cisco Catalyst 9800 Wireless Controllers for Cloud","IOS-XE","16.11.20190427:102828","NA","","1","No"
]]>
              </value>
            </param>
            <param index="8">
              <value>
                <![CDATA[Tm5570181c]]>
              </value>
            </param>
          </params>
          <reporter-output>
          </reporter-output>
        </test-method> <!-- verifyAdminSettingsAPI -->
        <test-method status="PASS" signature="verifyAdminSettingsAPI(org.testng.ITestContext, java.lang.String, java.lang.String, java.lang.String, java.lang.String, java.lang.String, java.lang.String, java.lang.String, java.lang.String)[pri:0, instance:com.cisco.services.api_automation.tests.insights.software.OsvIT@2776015d]" name="verifyAdminSettingsAPI" duration-ms="3803" started-at="2020-12-07T19:02:07 IST" data-provider="adminSettings" finished-at="2020-12-07T19:02:10 IST">
          <params>
            <param index="0">
              <value>
                <![CDATA[org.testng.TestRunner@7da2c05c]]>
              </value>
            </param>
            <param index="1">
              <value>
                <![CDATA[GET]]>
              </value>
            </param>
            <param index="2">
              <value>
                <![CDATA[/osv-ui/v1/exportProfiles]]>
              </value>
            </param>
            <param index="3">
              <value>
                <![CDATA[cx-context,[{"saId":"337115","vaId":"0","customerId":"xvZ6gHKLKoH8qy","solution":"IBN","cxLevel":"2"}]]]>
              </value>
            </param>
            <param index="4">
              <value>
                <![CDATA[customerId=xvZ6gHKLKoH8qy&pageIndex=1&pageSize=10&sort=profileName&sortOrder=asc&search=&solution=IBN&saId=337115&cxLevel=2&searchCategory=ALL&fileName=softwaregroups&filter=recommendationType:Yes;riskCategory:MEDIUM;]]>
              </value>
            </param>
            <param index="5">
              <value>
                <![CDATA[]]>
              </value>
            </param>
            <param index="6">
              <value>
                <![CDATA[200]]>
              </value>
            </param>
            <param index="7">
              <value>
                <![CDATA["Software Group","Source","Product Family","Software Type","Current Release","Risk Level","Selected Release","Systems","Suggestions"
"AIR-CT3504-K9","10.127.102.216","Cisco 3500 Series Wireless Controllers","AireOS","8.5.151.0","Medium","8.5.161.0","1","Yes"
"C9200L-48T-4G","10.127.102.216","Cisco Catalyst 9200 Series Switches","IOS-XE","16.9.2","Medium",,"1","Yes"
"C9500-40X","10.127.102.216","Cisco Catalyst 9500 Series Switches","IOS-XE","16.9.3","Medium",,"1","Yes"
"C9606R","10.127.102.216","Cisco Catalyst 9600 Series Switches","IOS-XE","16.11.1","Medium",,"1","Yes"
]]>
              </value>
            </param>
            <param index="8">
              <value>
                <![CDATA[Tm5588954c:exportProfiles: Validate the API response id the visual filters are applied.
]]>
              </value>
            </param>
          </params>
          <reporter-output>
          </reporter-output>
        </test-method> <!-- verifyAdminSettingsAPI -->
        <test-method status="PASS" signature="verifyAdminSettingsAPI(org.testng.ITestContext, java.lang.String, java.lang.String, java.lang.String, java.lang.String, java.lang.String, java.lang.String, java.lang.String, java.lang.String)[pri:0, instance:com.cisco.services.api_automation.tests.insights.software.OsvIT@2776015d]" name="verifyAdminSettingsAPI" duration-ms="4019" started-at="2020-12-07T19:02:10 IST" data-provider="adminSettings" finished-at="2020-12-07T19:02:14 IST">
          <params>
            <param index="0">
              <value>
                <![CDATA[org.testng.TestRunner@7da2c05c]]>
              </value>
            </param>
            <param index="1">
              <value>
                <![CDATA[GET]]>
              </value>
            </param>
            <param index="2">
              <value>
                <![CDATA[/osv-ui/v1/exportProfiles]]>
              </value>
            </param>
            <param index="3">
              <value>
                <![CDATA[cx-context,[{"saId":"337115","vaId":"0","customerId":"xvZ6gHKLKoH8qy","solution":"IBN","cxLevel":"2"}]]]>
              </value>
            </param>
            <param index="4">
              <value>
                <![CDATA[customerId=xvZ6gHKLKoH8qy&pageIndex=1&pageSize=10&sort=profileName&sortOrder=asc&search=Air&solution=IBN&saId=337115&cxLevel=2&searchCategory=ALL&fileName=softwaregroups&filter=]]>
              </value>
            </param>
            <param index="5">
              <value>
                <![CDATA[]]>
              </value>
            </param>
            <param index="6">
              <value>
                <![CDATA[200]]>
              </value>
            </param>
            <param index="7">
              <value>
                <![CDATA["Software Group","Source","Product Family","Software Type","Current Release","Risk Level","Selected Release","Systems","Suggestions"
"AIR-CT3504-K9","10.127.102.216","Cisco 3500 Series Wireless Controllers","AireOS","8.5.151.0","Medium","8.5.161.0","1","Yes"
]]>
              </value>
            </param>
            <param index="8">
              <value>
                <![CDATA[Tm5588953c:exportProfiles:Validate that csv file with search in ALL category fetches results
when searched with any visible content in the page.
]]>
              </value>
            </param>
          </params>
          <reporter-output>
          </reporter-output>
        </test-method> <!-- verifyAdminSettingsAPI -->
        <test-method status="PASS" signature="verifyAdminSettingsAPI(org.testng.ITestContext, java.lang.String, java.lang.String, java.lang.String, java.lang.String, java.lang.String, java.lang.String, java.lang.String, java.lang.String)[pri:0, instance:com.cisco.services.api_automation.tests.insights.software.OsvIT@2776015d]" name="verifyAdminSettingsAPI" duration-ms="4229" started-at="2020-12-07T19:02:14 IST" data-provider="adminSettings" finished-at="2020-12-07T19:02:19 IST">
          <params>
            <param index="0">
              <value>
                <![CDATA[org.testng.TestRunner@7da2c05c]]>
              </value>
            </param>
            <param index="1">
              <value>
                <![CDATA[GET]]>
              </value>
            </param>
            <param index="2">
              <value>
                <![CDATA[/osv-ui/v1/exportProfiles]]>
              </value>
            </param>
            <param index="3">
              <value>
                <![CDATA[cx-context,[{"saId":"337115","vaId":"0","customerId":"xvZ6gHKLKoH8qy","solution":"IBN","cxLevel":"2"}]]]>
              </value>
            </param>
            <param index="4">
              <value>
                <![CDATA[customerId=xvZ6gHKLKoH8qy&pageIndex=1&pageSize=10&sort=profileName&sortOrder=asc&search=Air&solution=IBN&saId=337115&cxLevel=2&searchCategory=ALL&filter=]]>
              </value>
            </param>
            <param index="5">
              <value>
                <![CDATA[]]>
              </value>
            </param>
            <param index="6">
              <value>
                <![CDATA[400]]>
              </value>
            </param>
            <param index="7">
              <value>
                <![CDATA[{
  "timestamp": "2020-09-03T15:04:39.866+0000",
  "status": 400,
  "error": "Bad Request",
  "message": "Required String parameter 'fileName' is not present",
  "path": "/osv-ui/v1/exportProfiles"
}]]>
              </value>
            </param>
            <param index="8">
              <value>
                <![CDATA[Tm5570183c]]>
              </value>
            </param>
          </params>
          <reporter-output>
          </reporter-output>
        </test-method> <!-- verifyAdminSettingsAPI -->
        <test-method status="PASS" signature="verifyAdminSettingsAPI(org.testng.ITestContext, java.lang.String, java.lang.String, java.lang.String, java.lang.String, java.lang.String, java.lang.String, java.lang.String, java.lang.String)[pri:0, instance:com.cisco.services.api_automation.tests.insights.software.OsvIT@2776015d]" name="verifyAdminSettingsAPI" duration-ms="2556" started-at="2020-12-07T19:02:19 IST" data-provider="adminSettings" finished-at="2020-12-07T19:02:21 IST">
          <params>
            <param index="0">
              <value>
                <![CDATA[org.testng.TestRunner@7da2c05c]]>
              </value>
            </param>
            <param index="1">
              <value>
                <![CDATA[GET]]>
              </value>
            </param>
            <param index="2">
              <value>
                <![CDATA[/osv-ui/v1/exportProfiles]]>
              </value>
            </param>
            <param index="3">
              <value>
                <![CDATA[cx-context,[{"saId":"337115","vaId":"0","customerId":"xvZ6gHKLKoH8qy","solution":"IBN","cxLevel":"2"}]]]>
              </value>
            </param>
            <param index="4">
              <value>
                <![CDATA[customerId=&pageIndex=1&pageSize=10&sort=profileName&sortOrder=asc&search=Air&solution=IBN&saId=337115&cxLevel=2&searchCategory=ALL&filter=]]>
              </value>
            </param>
            <param index="5">
              <value>
                <![CDATA[]]>
              </value>
            </param>
            <param index="6">
              <value>
                <![CDATA[500]]>
              </value>
            </param>
            <param index="7">
              <value>
                <![CDATA[{
  "timestamp": "2020-09-03T15:05:52.473+0000",
  "status": 500,
  "error": "Internal Server Error",
  "message": "403 FORBIDDEN \"Policy Authorization failed\"",
  "path": "/osv-ui/v1/exportProfiles"
}]]>
              </value>
            </param>
            <param index="8">
              <value>
                <![CDATA[Tm5570186c]]>
              </value>
            </param>
          </params>
          <reporter-output>
          </reporter-output>
        </test-method> <!-- verifyAdminSettingsAPI -->
        <test-method status="PASS" signature="verifyAdminSettingsAPI(org.testng.ITestContext, java.lang.String, java.lang.String, java.lang.String, java.lang.String, java.lang.String, java.lang.String, java.lang.String, java.lang.String)[pri:0, instance:com.cisco.services.api_automation.tests.insights.software.OsvIT@2776015d]" name="verifyAdminSettingsAPI" duration-ms="3283" started-at="2020-12-07T19:02:21 IST" data-provider="adminSettings" finished-at="2020-12-07T19:02:24 IST">
          <params>
            <param index="0">
              <value>
                <![CDATA[org.testng.TestRunner@7da2c05c]]>
              </value>
            </param>
            <param index="1">
              <value>
                <![CDATA[GET]]>
              </value>
            </param>
            <param index="2">
              <value>
                <![CDATA[/osv-ui/v1/exportProfiles]]>
              </value>
            </param>
            <param index="3">
              <value>
                <![CDATA[cx-context,[{"saId":"337115","vaId":"0","customerId":"xvZ6gHKLKoH8qy","solution":"IBN","cxLevel":"2"}]]]>
              </value>
            </param>
            <param index="4">
              <value>
                <![CDATA[customerId=xvZ6gHKLoH8qy&pageIndex=1&pageSize=10&sort=profileName&sortOrder=asc&search=Air&solution=IBN&saId=337115&cxLevel=2&searchCategory=ALL&filter=]]>
              </value>
            </param>
            <param index="5">
              <value>
                <![CDATA[]]>
              </value>
            </param>
            <param index="6">
              <value>
                <![CDATA[500]]>
              </value>
            </param>
            <param index="7">
              <value>
                <![CDATA[{
  "timestamp": "2020-09-03T15:05:52.473+0000",
  "status": 500,
  "error": "Internal Server Error",
  "message": "403 FORBIDDEN \"Policy Authorization failed\"",
  "path": "/osv-ui/v1/exportProfiles"
}]]>
              </value>
            </param>
            <param index="8">
              <value>
                <![CDATA[Tm5570184c]]>
              </value>
            </param>
          </params>
          <reporter-output>
          </reporter-output>
        </test-method> <!-- verifyAdminSettingsAPI -->
        <test-method status="PASS" signature="verifyAdminSettingsAPI(org.testng.ITestContext, java.lang.String, java.lang.String, java.lang.String, java.lang.String, java.lang.String, java.lang.String, java.lang.String, java.lang.String)[pri:0, instance:com.cisco.services.api_automation.tests.insights.software.OsvIT@2776015d]" name="verifyAdminSettingsAPI" duration-ms="3073" started-at="2020-12-07T19:02:24 IST" data-provider="adminSettings" finished-at="2020-12-07T19:02:28 IST">
          <params>
            <param index="0">
              <value>
                <![CDATA[org.testng.TestRunner@7da2c05c]]>
              </value>
            </param>
            <param index="1">
              <value>
                <![CDATA[GET]]>
              </value>
            </param>
            <param index="2">
              <value>
                <![CDATA[/osv-ui/v1/exportProfiles]]>
              </value>
            </param>
            <param index="3">
              <value>
                <![CDATA[cx-context,[{"saId":"337115","vaId":"0","customerId":"xvZ6gHKLKoH8qy","solution":"IBN","cxLevel":"2","useCase":"Campus Software Image Management"}]]]>
              </value>
            </param>
            <param index="4">
              <value>
                <![CDATA[customerId=xvZ6gHKLKoH8qy&pageIndex=1&pageSize=10&sort=profileName&sortOrder=asc&search=&solution=IBN&saId=337115&cxLevel=2&filter=&searchCategory=ALL&fileName=softwaregroups&useCase=Campus Software Image Management]]>
              </value>
            </param>
            <param index="5">
              <value>
                <![CDATA[]]>
              </value>
            </param>
            <param index="6">
              <value>
                <![CDATA[200]]>
              </value>
            </param>
            <param index="7">
              <value>
                <![CDATA["Software Group","Source","Product Family","Software Type","Current Release","Risk Level","Selected Release","Systems","Suggestions"
"AIR-CT3504-K9","10.127.102.216","Cisco 3500 Series Wireless Controllers","AireOS","8.5.151.0","Medium","8.5.161.0","1","Yes"
"C9200L-48T-4G","10.127.102.216","Cisco Catalyst 9200 Series Switches","IOS-XE","16.9.2","Medium",,"1","Yes"
"C9407R","10.127.102.216","Cisco Catalyst 9400 Series Switches","IOS-XE","16.8.1a","NA","","1","No"
"C9500-40X","10.127.102.216","Cisco Catalyst 9500 Series Switches","IOS-XE","16.9.3","Medium",,"1","Yes"
"C9606R","10.127.102.216","Cisco Catalyst 9600 Series Switches","IOS-XE","16.11.1","Medium",,"1","Yes"
"C9800-CL-K9","10.127.102.216","Cisco Catalyst 9800 Wireless Controllers for Cloud","IOS-XE","16.11.20190427:102828","NA","","1","No"
]]>
              </value>
            </param>
            <param index="8">
              <value>
                <![CDATA[Tm5570182c:exportProfiles: Validate api response when a specific usecase is  passed  and along
with valid values for all mandatory parameters.
]]>
              </value>
            </param>
          </params>
          <reporter-output>
          </reporter-output>
        </test-method> <!-- verifyAdminSettingsAPI -->
        <test-method status="PASS" signature="verifyAdminSettingsAPI(org.testng.ITestContext, java.lang.String, java.lang.String, java.lang.String, java.lang.String, java.lang.String, java.lang.String, java.lang.String, java.lang.String)[pri:0, instance:com.cisco.services.api_automation.tests.insights.software.OsvIT@2776015d]" name="verifyAdminSettingsAPI" duration-ms="3321" started-at="2020-12-07T19:02:28 IST" data-provider="adminSettings" finished-at="2020-12-07T19:02:31 IST">
          <params>
            <param index="0">
              <value>
                <![CDATA[org.testng.TestRunner@7da2c05c]]>
              </value>
            </param>
            <param index="1">
              <value>
                <![CDATA[GET]]>
              </value>
            </param>
            <param index="2">
              <value>
                <![CDATA[/osv-ui/v1/exportProfiles]]>
              </value>
            </param>
            <param index="3">
              <value>
                <![CDATA[cx-context,[{"saId":"337115","vaId":"0","customerId":"xvZ6gHKLKoH8qy","solution":"IBN","cxLevel":"2","useCase":"Network Device Onboarding"}]]]>
              </value>
            </param>
            <param index="4">
              <value>
                <![CDATA[customerId=xvZ6gHKLKoH8qy&pageIndex=1&pageSize=10&sort=profileName&sortOrder=asc&search=&solution=IBN&saId=337115&cxLevel=2&filter=&searchCategory=ALL&fileName=softwaregroups&useCase=Network Device Onboarding]]>
              </value>
            </param>
            <param index="5">
              <value>
                <![CDATA[]]>
              </value>
            </param>
            <param index="6">
              <value>
                <![CDATA[200]]>
              </value>
            </param>
            <param index="7">
              <value>
                <![CDATA["Software Group","Source","Product Family","Software Type","Current Release","Risk Level","Selected Release","Systems","Suggestions"
"AIR-CT3504-K9","10.127.102.216","Cisco 3500 Series Wireless Controllers","AireOS","8.5.151.0","Medium","8.5.161.0","1","Yes"
"C9200L-48T-4G","10.127.102.216","Cisco Catalyst 9200 Series Switches","IOS-XE","16.9.2","Medium",,"1","Yes"
"C9407R","10.127.102.216","Cisco Catalyst 9400 Series Switches","IOS-XE","16.8.1a","NA","","1","No"
"C9500-40X","10.127.102.216","Cisco Catalyst 9500 Series Switches","IOS-XE","16.9.3","Medium",,"1","Yes"
"C9606R","10.127.102.216","Cisco Catalyst 9600 Series Switches","IOS-XE","16.11.1","Medium",,"1","Yes"
"C9800-CL-K9","10.127.102.216","Cisco Catalyst 9800 Wireless Controllers for Cloud","IOS-XE","16.11.20190427:102828","NA","","1","No"
]]>
              </value>
            </param>
            <param index="8">
              <value>
                <![CDATA[Tm5570182c:exportProfiles: Validate api response when a specific usecase is  passed  and along
with valid values for all mandatory parameters.
]]>
              </value>
            </param>
          </params>
          <reporter-output>
          </reporter-output>
        </test-method> <!-- verifyAdminSettingsAPI -->
        <test-method status="PASS" signature="verifyAdminSettingsAPI(org.testng.ITestContext, java.lang.String, java.lang.String, java.lang.String, java.lang.String, java.lang.String, java.lang.String, java.lang.String, java.lang.String)[pri:0, instance:com.cisco.services.api_automation.tests.insights.software.OsvIT@2776015d]" name="verifyAdminSettingsAPI" duration-ms="3963" started-at="2020-12-07T19:02:31 IST" data-provider="adminSettings" finished-at="2020-12-07T19:02:35 IST">
          <params>
            <param index="0">
              <value>
                <![CDATA[org.testng.TestRunner@7da2c05c]]>
              </value>
            </param>
            <param index="1">
              <value>
                <![CDATA[GET]]>
              </value>
            </param>
            <param index="2">
              <value>
                <![CDATA[/osv-ui/v1/exportProfiles]]>
              </value>
            </param>
            <param index="3">
              <value>
                <![CDATA[cx-context,[{"saId":"337115","vaId":"0","customerId":"xvZ6gHKLKoH8qy","solution":"IBN","cxLevel":"2","useCase":"Scalable Access Policy"}]]]>
              </value>
            </param>
            <param index="4">
              <value>
                <![CDATA[customerId=xvZ6gHKLKoH8qy&pageIndex=1&pageSize=10&sort=profileName&sortOrder=asc&search=&solution=IBN&saId=337115&cxLevel=2&filter=&searchCategory=ALL&fileName=softwaregroups&useCase=Scalable Access Policy]]>
              </value>
            </param>
            <param index="5">
              <value>
                <![CDATA[]]>
              </value>
            </param>
            <param index="6">
              <value>
                <![CDATA[200]]>
              </value>
            </param>
            <param index="7">
              <value>
                <![CDATA["Software Group","Source","Product Family","Software Type","Current Release","Risk Level","Selected Release","Systems","Suggestions"
"AIR-CT3504-K9","10.127.102.216","Cisco 3500 Series Wireless Controllers","AireOS","8.5.151.0","Medium","8.5.161.0","1","Yes"
"C9500-40X","10.127.102.216","Cisco Catalyst 9500 Series Switches","IOS-XE","16.9.3","Medium",,"1","Yes"
"C9800-CL-K9","10.127.102.216","Cisco Catalyst 9800 Wireless Controllers for Cloud","IOS-XE","16.11.20190427:102828","NA","","1","No"
]]>
              </value>
            </param>
            <param index="8">
              <value>
                <![CDATA[Tm5570182c:exportProfiles: Validate api response when a specific usecase is  passed  and along
with valid values for all mandatory parameters.
]]>
              </value>
            </param>
          </params>
          <reporter-output>
          </reporter-output>
        </test-method> <!-- verifyAdminSettingsAPI -->
        <test-method status="PASS" signature="verifyAdminSettingsAPI(org.testng.ITestContext, java.lang.String, java.lang.String, java.lang.String, java.lang.String, java.lang.String, java.lang.String, java.lang.String, java.lang.String)[pri:0, instance:com.cisco.services.api_automation.tests.insights.software.OsvIT@2776015d]" name="verifyAdminSettingsAPI" duration-ms="4459" started-at="2020-12-07T19:02:35 IST" data-provider="adminSettings" finished-at="2020-12-07T19:02:39 IST">
          <params>
            <param index="0">
              <value>
                <![CDATA[org.testng.TestRunner@7da2c05c]]>
              </value>
            </param>
            <param index="1">
              <value>
                <![CDATA[GET]]>
              </value>
            </param>
            <param index="2">
              <value>
                <![CDATA[/osv-ui/v1/exportProfiles]]>
              </value>
            </param>
            <param index="3">
              <value>
                <![CDATA[cx-context,[{"saId":"337115","vaId":"0","customerId":"xvZ6gHKLKoH8qy","solution":"IBN","cxLevel":"2","useCase":"Campus Network Segmentation"}]]]>
              </value>
            </param>
            <param index="4">
              <value>
                <![CDATA[customerId=xvZ6gHKLKoH8qy&pageIndex=1&pageSize=10&sort=profileName&sortOrder=asc&search=&solution=IBN&saId=337115&cxLevel=2&filter=&searchCategory=ALL&fileName=softwaregroups&useCase=Campus Network Segmentation]]>
              </value>
            </param>
            <param index="5">
              <value>
                <![CDATA[]]>
              </value>
            </param>
            <param index="6">
              <value>
                <![CDATA[200]]>
              </value>
            </param>
            <param index="7">
              <value>
                <![CDATA["Software Group","Source","Product Family","Software Type","Current Release","Risk Level","Selected Release","Systems","Suggestions"
"C9500-40X","10.127.102.216","Cisco Catalyst 9500 Series Switches","IOS-XE","16.9.3","Medium",,"1","Yes"
]]>
              </value>
            </param>
            <param index="8">
              <value>
                <![CDATA[Tm5570182c]]>
              </value>
            </param>
          </params>
          <reporter-output>
          </reporter-output>
        </test-method> <!-- verifyAdminSettingsAPI -->
        <test-method status="PASS" signature="verifyAdminSettingsAPI(org.testng.ITestContext, java.lang.String, java.lang.String, java.lang.String, java.lang.String, java.lang.String, java.lang.String, java.lang.String, java.lang.String)[pri:0, instance:com.cisco.services.api_automation.tests.insights.software.OsvIT@2776015d]" name="verifyAdminSettingsAPI" duration-ms="3564" started-at="2020-12-07T19:02:39 IST" data-provider="adminSettings" finished-at="2020-12-07T19:02:43 IST">
          <params>
            <param index="0">
              <value>
                <![CDATA[org.testng.TestRunner@7da2c05c]]>
              </value>
            </param>
            <param index="1">
              <value>
                <![CDATA[GET]]>
              </value>
            </param>
            <param index="2">
              <value>
                <![CDATA[/osv-ui/v1/exportProfiles]]>
              </value>
            </param>
            <param index="3">
              <value>
                <![CDATA[cx-context,[{"saId":"337115","vaId":"0","customerId":"xvZ6gHKLKoH8qy","solution":"IBN","cxLevel":"2","useCase":"Campus Network Assurance"}]]]>
              </value>
            </param>
            <param index="4">
              <value>
                <![CDATA[customerId=xvZ6gHKLKoH8qy&pageIndex=1&pageSize=10&sort=profileName&sortOrder=asc&search=&solution=IBN&saId=337115&cxLevel=2&filter=&searchCategory=ALL&fileName=softwaregroups&useCase=Campus Network Assurance]]>
              </value>
            </param>
            <param index="5">
              <value>
                <![CDATA[]]>
              </value>
            </param>
            <param index="6">
              <value>
                <![CDATA[200]]>
              </value>
            </param>
            <param index="7">
              <value>
                <![CDATA["Software Group","Source","Product Family","Software Type","Current Release","Risk Level","Selected Release","Systems","Suggestions"
"AIR-CT3504-K9","10.127.102.216","Cisco 3500 Series Wireless Controllers","AireOS","8.5.151.0","Medium","8.5.161.0","1","Yes"
"C9200L-48T-4G","10.127.102.216","Cisco Catalyst 9200 Series Switches","IOS-XE","16.9.2","Medium",,"1","Yes"
"C9407R","10.127.102.216","Cisco Catalyst 9400 Series Switches","IOS-XE","16.8.1a","NA","","1","No"
"C9500-40X","10.127.102.216","Cisco Catalyst 9500 Series Switches","IOS-XE","16.9.3","Medium",,"1","Yes"
"C9606R","10.127.102.216","Cisco Catalyst 9600 Series Switches","IOS-XE","16.11.1","Medium",,"1","Yes"
"C9800-CL-K9","10.127.102.216","Cisco Catalyst 9800 Wireless Controllers for Cloud","IOS-XE","16.11.20190427:102828","NA","","1","No"
]]>
              </value>
            </param>
            <param index="8">
              <value>
                <![CDATA[Tm5570182c]]>
              </value>
            </param>
          </params>
          <reporter-output>
          </reporter-output>
        </test-method> <!-- verifyAdminSettingsAPI -->
        <test-method status="PASS" signature="verifyAdminSettingsAPI(org.testng.ITestContext, java.lang.String, java.lang.String, java.lang.String, java.lang.String, java.lang.String, java.lang.String, java.lang.String, java.lang.String)[pri:0, instance:com.cisco.services.api_automation.tests.insights.software.OsvIT@2776015d]" name="verifyAdminSettingsAPI" duration-ms="3207" started-at="2020-12-07T19:02:43 IST" data-provider="adminSettings" finished-at="2020-12-07T19:02:46 IST">
          <params>
            <param index="0">
              <value>
                <![CDATA[org.testng.TestRunner@7da2c05c]]>
              </value>
            </param>
            <param index="1">
              <value>
                <![CDATA[GET]]>
              </value>
            </param>
            <param index="2">
              <value>
                <![CDATA[/osv-ui/v1/exportVersions]]>
              </value>
            </param>
            <param index="3">
              <value>
                <![CDATA[cx-context,[{"saId":"337115","vaId":"0","customerId":"xvZ6gHKLKoH8qy","solution":"IBN","cxLevel":"2"}]]]>
              </value>
            </param>
            <param index="4">
              <value>
                <![CDATA[customerId=xvZ6gHKLKoH8qy&pageIndex=1&pageSize=10&sort=profileName&sortOrder=asc&search=IOS&solution=IBN&saId=337115&cxLevel=2&fileName=softwarereleases]]>
              </value>
            </param>
            <param index="5">
              <value>
                <![CDATA[]]>
              </value>
            </param>
            <param index="6">
              <value>
                <![CDATA[200]]>
              </value>
            </param>
            <param index="7">
              <value>
                <![CDATA["Release","Software Type","Release Date","Systems"
"8.5.151.0","AireOS","Jun 20, 2019","1"
"16.8.1a","IOS-XE","Apr 06, 2018","1"
"16.9.2","IOS-XE","Nov 07, 2018","1"
"16.9.3","IOS-XE","Mar 23, 2019","1"
"16.11.1","IOS-XE","Mar 30, 2019","4"
"16.11.20190427:102828","IOS-XE",,"1"]]>
              </value>
            </param>
            <param index="8">
              <value>
                <![CDATA[Tm5588985c:exportVersions:Validate that csv file with search in ALL category fetches results
when searched with any visible content in the page.
]]>
              </value>
            </param>
          </params>
          <reporter-output>
          </reporter-output>
        </test-method> <!-- verifyAdminSettingsAPI -->
        <test-method status="FAIL" signature="verifyDetailsAPI(org.testng.ITestContext, java.lang.String, java.lang.String, java.lang.String, java.lang.String, java.lang.String, java.lang.String, java.lang.String, java.lang.String)[pri:0, instance:com.cisco.services.api_automation.tests.insights.software.OsvIT@2776015d]" name="verifyDetailsAPI" duration-ms="3826" started-at="2020-12-07T19:02:46 IST" data-provider="Details" finished-at="2020-12-07T19:02:50 IST">
          <params>
            <param index="0">
              <value>
                <![CDATA[org.testng.TestRunner@7da2c05c]]>
              </value>
            </param>
            <param index="1">
              <value>
                <![CDATA[GET]]>
              </value>
            </param>
            <param index="2">
              <value>
                <![CDATA[/osv-ui/v1/bugDetail]]>
              </value>
            </param>
            <param index="3">
              <value>
                <![CDATA[cx-context,[{"saId":"337115","vaId":"0","customerId":"xvZ6gHKLKoH8qy","solution":"IBN","cxLevel":"2"}]]]>
              </value>
            </param>
            <param index="4">
              <value>
                <![CDATA[bugId=CSCvr11444&source=SLM&customerId=xvZ6gHKLKoH8qy&saId=337115&cxLevel=2&solution=IBN]]>
              </value>
            </param>
            <param index="5">
              <value>
                <![CDATA[]]>
              </value>
            </param>
            <param index="6">
              <value>
                <![CDATA[200]]>
              </value>
            </param>
            <param index="7">
              <value>
                <![CDATA[{
  "bugId": "CSCvr11444",
  "headLine": "AoA packets sent to WLC Gateway MAC instead of CMX MAC on same VLAN/Subnet setup.",
  "description": "The issue appears when the AP's, CMX and WLC are in the same subnet. The packets of AoA are been send from the AP to the WLC and once the WLC recived it it will send it to the CMX. But in the packet once is send has a MAC address of the WLC Gateway and not the MAC of the CMX due that the Packets never arrives to the CMX.",
  "integratedReleases": "008.010(118.001) 008.010(204.121) 008.010(121.000)",
  "bugSeverity": "2",
  "severity": "High",
  "releaseNotes": "The supplied attachment does not exist in CDETS\n\n",
  "errorMessage": null,
  "symptom": null,
  "workaround": null,
  "conditions": null,
  "furtherProblemDesc": null,
  "error": false
}]]>
              </value>
            </param>
            <param index="8">
              <value>
                <![CDATA[Tm5556031c]]>
              </value>
            </param>
          </params>
          <exception class="java.lang.AssertionError">
            <message>
              <![CDATA[Status Code:  expected [200] but found [400]]]>
            </message>
            <full-stacktrace>
              <![CDATA[java.lang.AssertionError: Status Code:  expected [200] but found [400]
at com.cisco.services.api_automation.utils.customassert.Assert.fail(Assert.java:45)
at com.cisco.services.api_automation.utils.customassert.Assert.assertEqualsImpl(Assert.java:70)
at com.cisco.services.api_automation.utils.customassert.Assert.assertEquals(Assert.java:58)
at com.cisco.services.api_automation.utils.customassert.Assert.assertEquals(Assert.java:412)
at com.cisco.services.api_automation.tests.insights.software.OsvIT.verifyDetailsAPI(OsvIT.java:218)
at sun.reflect.NativeMethodAccessorImpl.invoke0(Native Method)
at sun.reflect.NativeMethodAccessorImpl.invoke(NativeMethodAccessorImpl.java:62)
at sun.reflect.DelegatingMethodAccessorImpl.invoke(DelegatingMethodAccessorImpl.java:43)
at java.lang.reflect.Method.invoke(Method.java:498)
at org.testng.internal.MethodInvocationHelper.invokeMethod(MethodInvocationHelper.java:134)
at org.testng.internal.TestInvoker.invokeMethod(TestInvoker.java:597)
at org.testng.internal.TestInvoker.invokeTestMethod(TestInvoker.java:173)
at org.testng.internal.MethodRunner.runInSequence(MethodRunner.java:46)
at org.testng.internal.TestInvoker$MethodInvocationAgent.invoke(TestInvoker.java:816)
at org.testng.internal.TestInvoker.invokeTestMethods(TestInvoker.java:146)
at org.testng.internal.TestMethodWorker.invokeTestMethods(TestMethodWorker.java:146)
at org.testng.internal.TestMethodWorker.run(TestMethodWorker.java:128)
at java.util.ArrayList.forEach(ArrayList.java:1257)
at org.testng.TestRunner.privateRun(TestRunner.java:766)
at org.testng.TestRunner.run(TestRunner.java:587)
at org.testng.SuiteRunner.runTest(SuiteRunner.java:384)
at org.testng.SuiteRunner.runSequentially(SuiteRunner.java:378)
at org.testng.SuiteRunner.privateRun(SuiteRunner.java:337)
at org.testng.SuiteRunner.run(SuiteRunner.java:286)
at org.testng.SuiteRunnerWorker.runSuite(SuiteRunnerWorker.java:53)
at org.testng.SuiteRunnerWorker.run(SuiteRunnerWorker.java:96)
at java.util.concurrent.ThreadPoolExecutor.runWorker(ThreadPoolExecutor.java:1149)
at java.util.concurrent.ThreadPoolExecutor$Worker.run(ThreadPoolExecutor.java:624)
at java.lang.Thread.run(Thread.java:748)
]]>
            </full-stacktrace>
          </exception> <!-- java.lang.AssertionError -->
          <reporter-output>
          </reporter-output>
        </test-method> <!-- verifyDetailsAPI -->
        <test-method status="PASS" signature="verifyDetailsAPI(org.testng.ITestContext, java.lang.String, java.lang.String, java.lang.String, java.lang.String, java.lang.String, java.lang.String, java.lang.String, java.lang.String)[pri:0, instance:com.cisco.services.api_automation.tests.insights.software.OsvIT@2776015d]" name="verifyDetailsAPI" duration-ms="2599" started-at="2020-12-07T19:02:50 IST" data-provider="Details" finished-at="2020-12-07T19:02:53 IST">
          <params>
            <param index="0">
              <value>
                <![CDATA[org.testng.TestRunner@7da2c05c]]>
              </value>
            </param>
            <param index="1">
              <value>
                <![CDATA[GET]]>
              </value>
            </param>
            <param index="2">
              <value>
                <![CDATA[/osv-ui/v1/bugDetail]]>
              </value>
            </param>
            <param index="3">
              <value>
                <![CDATA[cx-context,[{"saId":"337115","vaId":"0","customerId":"xvZ6gHKLKoH8qy","solution":"IBN","cxLevel":"2"}]]]>
              </value>
            </param>
            <param index="4">
              <value>
                <![CDATA[bugId=CSCvr1144&source=SLM&customerId=xvZ6gHKLKoH8qy&saId=337115&cxLevel=2&solution=IBN]]>
              </value>
            </param>
            <param index="5">
              <value>
                <![CDATA[]]>
              </value>
            </param>
            <param index="6">
              <value>
                <![CDATA[400]]>
              </value>
            </param>
            <param index="7">
              <value>
                <![CDATA[{
  "bugId": null,
  "headLine": null,
  "description": null,
  "integratedReleases": null,
  "bugSeverity": null,
  "severity": null,
  "releaseNotes": null,
  "errorMessage": "Invalid bug ID or bug source passed, cannot fetch bug details: No value present",
  "symptom": null,
  "workaround": null,
  "conditions": null,
  "furtherProblemDesc": null,
  "error": true
}]]>
              </value>
            </param>
            <param index="8">
              <value>
                <![CDATA[Tm5556030c]]>
              </value>
            </param>
          </params>
          <reporter-output>
          </reporter-output>
        </test-method> <!-- verifyDetailsAPI -->
        <test-method status="PASS" signature="verifyDetailsAPI(org.testng.ITestContext, java.lang.String, java.lang.String, java.lang.String, java.lang.String, java.lang.String, java.lang.String, java.lang.String, java.lang.String)[pri:0, instance:com.cisco.services.api_automation.tests.insights.software.OsvIT@2776015d]" name="verifyDetailsAPI" duration-ms="2282" started-at="2020-12-07T19:02:53 IST" data-provider="Details" finished-at="2020-12-07T19:02:55 IST">
          <params>
            <param index="0">
              <value>
                <![CDATA[org.testng.TestRunner@7da2c05c]]>
              </value>
            </param>
            <param index="1">
              <value>
                <![CDATA[GET]]>
              </value>
            </param>
            <param index="2">
              <value>
                <![CDATA[/osv-ui/v1/bugDetail]]>
              </value>
            </param>
            <param index="3">
              <value>
                <![CDATA[cx-context,[{"saId":"337115","vaId":"0","customerId":"xvZ6gHKLKoH8qy","solution":"IBN","cxLevel":"2"}]]]>
              </value>
            </param>
            <param index="4">
              <value>
                <![CDATA[bugId=CSCvr11444&customerId=xvZ6gHKLKoH8qy&saId=337115&cxLevel=2&solution=I]]>
              </value>
            </param>
            <param index="5">
              <value>
                <![CDATA[]]>
              </value>
            </param>
            <param index="6">
              <value>
                <![CDATA[400]]>
              </value>
            </param>
            <param index="7">
              <value>
                <![CDATA[{
  "timestamp": "2020-08-17T08:10:17.866+0000",
  "status": 400,
  "error": "Bad Request",
  "message": "Required String parameter 'source' is not present",
  "path": "/osv-ui/v1/bugDetail"
}]]>
              </value>
            </param>
            <param index="8">
              <value>
                <![CDATA[Tm5588950c:bugDetails: Validate api response when any of the mandatory parameter is not passed.
]]>
              </value>
            </param>
          </params>
          <reporter-output>
          </reporter-output>
        </test-method> <!-- verifyDetailsAPI -->
        <test-method status="PASS" signature="verifyDetailsAPI(org.testng.ITestContext, java.lang.String, java.lang.String, java.lang.String, java.lang.String, java.lang.String, java.lang.String, java.lang.String, java.lang.String)[pri:0, instance:com.cisco.services.api_automation.tests.insights.software.OsvIT@2776015d]" name="verifyDetailsAPI" duration-ms="4252" started-at="2020-12-07T19:02:55 IST" data-provider="Details" finished-at="2020-12-07T19:02:59 IST">
          <params>
            <param index="0">
              <value>
                <![CDATA[org.testng.TestRunner@7da2c05c]]>
              </value>
            </param>
            <param index="1">
              <value>
                <![CDATA[GET]]>
              </value>
            </param>
            <param index="2">
              <value>
                <![CDATA[/osv-ui/v1/psirtDetail]]>
              </value>
            </param>
            <param index="3">
              <value>
                <![CDATA[cx-context,[{"saId":"337115","vaId":"0","customerId":"xvZ6gHKLKoH8qy","solution":"IBN","cxLevel":"2"}]]]>
              </value>
            </param>
            <param index="4">
              <value>
                <![CDATA[psirtId=cisco-sa-20180824-linux-ip-fragment&customerId=xvZ6gHKLKoH8qy&saId=337115&cxLevel=2&solution=IBN]]>
              </value>
            </param>
            <param index="5">
              <value>
                <![CDATA[]]>
              </value>
            </param>
            <param index="6">
              <value>
                <![CDATA[200]]>
              </value>
            </param>
            <param index="7">
              <value>
                <![CDATA[{
  "advisoryId": "cisco-sa-20180824-linux-ip-fragment",
  "summary": "<p>On August 14, 2018, the Vulnerability Coordination team of the National Cyber Security Centre of Finland (NCSC-FI) and the CERT Coordination Center (CERT/CC) disclosed a vulnerability in the IP stack that is used by the Linux Kernel. This vulnerability is publicly known as <em>FragmentSmack</em>.</p>\r\n<p>The vulnerability could allow an unauthenticated, remote attacker to cause a denial of service (DoS) condition on an affected device. An attack could be executed by an attacker who can submit a stream of fragmented IPv4 or IPv6 packets that are designed to trigger the issue on an affected device.</p>\r\n<p>The vulnerability is due to inefficient IPv4 and IPv6 fragment reassembly algorithms in the IP stack that is used by the affected kernel. Linux Kernel Versions 3.9 and later are known to be affected by this vulnerability. </p>\r\n<p>This advisory is available at the following link:<br />\r\n<a href=\"https://tools.cisco.com/security/center/content/CiscoSecurityAdvisory/cisco-sa-20180824-linux-ip-fragment\">https://tools.cisco.com/security/center/content/CiscoSecurityAdvisory/cisco-sa-20180824-linux-ip-fragment</a></p>",
  "title": "Linux Kernel IP Fragment Reassembly Denial of Service Vulnerability Affecting Cisco Products: August 2018",
  "errorMessage": null,
  "error": false
}]]>
              </value>
            </param>
            <param index="8">
              <value>
                <![CDATA[Tm5556079c]]>
              </value>
            </param>
          </params>
          <reporter-output>
          </reporter-output>
        </test-method> <!-- verifyDetailsAPI -->
        <test-method status="PASS" signature="verifyDetailsAPI(org.testng.ITestContext, java.lang.String, java.lang.String, java.lang.String, java.lang.String, java.lang.String, java.lang.String, java.lang.String, java.lang.String)[pri:0, instance:com.cisco.services.api_automation.tests.insights.software.OsvIT@2776015d]" name="verifyDetailsAPI" duration-ms="3421" started-at="2020-12-07T19:02:59 IST" data-provider="Details" finished-at="2020-12-07T19:03:03 IST">
          <params>
            <param index="0">
              <value>
                <![CDATA[org.testng.TestRunner@7da2c05c]]>
              </value>
            </param>
            <param index="1">
              <value>
                <![CDATA[GET]]>
              </value>
            </param>
            <param index="2">
              <value>
                <![CDATA[/osv-ui/v1/psirtDetail]]>
              </value>
            </param>
            <param index="3">
              <value>
                <![CDATA[cx-context,[{"saId":"337115","vaId":"0","customerId":"xvZ6gHKLKoH8qy","solution":"IBN","cxLevel":"2"}]]]>
              </value>
            </param>
            <param index="4">
              <value>
                <![CDATA[psirtId=cisco-sa-0180824-linux-ip-fragment&customerId=xvZ6gHKLKoH8qy&saId=337115&cxLevel=2&solution=IBN]]>
              </value>
            </param>
            <param index="5">
              <value>
                <![CDATA[]]>
              </value>
            </param>
            <param index="6">
              <value>
                <![CDATA[200]]>
              </value>
            </param>
            <param index="7">
              <value>
                <![CDATA[{
  "advisoryId": null,
  "summary": null,
  "title": null,
  "errorMessage": "500 : [{\"message\":\"Server Error: 404 : [Could not retrieve publication with type = 1 and identifier = cisco-sa-0180824-linux-ip-fragment]\",\"reason\":{\"errorCode\":\"API_INTERNAL_004\",\"errorInfo\":\"404 : [Could not retrieve publication with type = 1 and identifier = cisco-sa-0180824-linux-ip-fragment]\"},\"status\":500}]",
  "error": true
}]]>
              </value>
            </param>
            <param index="8">
              <value>
                <![CDATA[Tm5556078c]]>
              </value>
            </param>
          </params>
          <reporter-output>
          </reporter-output>
        </test-method> <!-- verifyDetailsAPI -->
        <test-method status="PASS" signature="verifyDetailsAPI(org.testng.ITestContext, java.lang.String, java.lang.String, java.lang.String, java.lang.String, java.lang.String, java.lang.String, java.lang.String, java.lang.String)[pri:0, instance:com.cisco.services.api_automation.tests.insights.software.OsvIT@2776015d]" name="verifyDetailsAPI" duration-ms="2709" started-at="2020-12-07T19:03:03 IST" data-provider="Details" finished-at="2020-12-07T19:03:05 IST">
          <params>
            <param index="0">
              <value>
                <![CDATA[org.testng.TestRunner@7da2c05c]]>
              </value>
            </param>
            <param index="1">
              <value>
                <![CDATA[GET]]>
              </value>
            </param>
            <param index="2">
              <value>
                <![CDATA[/osv-ui/v1/psirtDetail]]>
              </value>
            </param>
            <param index="3">
              <value>
                <![CDATA[cx-context,[{"saId":"337115","vaId":"0","customerId":"xvZ6gHKLKoH8qy","solution":"IBN","cxLevel":"2"}]]]>
              </value>
            </param>
            <param index="4">
              <value>
                <![CDATA[customerId=xvZ6gHKLKoH8qy&saId=337115&cxLevel=2&solution=I]]>
              </value>
            </param>
            <param index="5">
              <value>
                <![CDATA[]]>
              </value>
            </param>
            <param index="6">
              <value>
                <![CDATA[400]]>
              </value>
            </param>
            <param index="7">
              <value>
                <![CDATA[{
  "timestamp": "2020-08-17T08:27:03.959+0000",
  "status": 400,
  "error": "Bad Request",
  "message": "Required String parameter 'psirtId' is not present",
  "path": "/osv-ui/v1/psirtDetail"
}]]>
              </value>
            </param>
            <param index="8">
              <value>
                <![CDATA[Tm5588951c: psirtDetails: Validate api response when any of the mandatory parameter is not passed.
]]>
              </value>
            </param>
          </params>
          <reporter-output>
          </reporter-output>
        </test-method> <!-- verifyDetailsAPI -->
        <test-method status="PASS" signature="verifyDetailsAPI(org.testng.ITestContext, java.lang.String, java.lang.String, java.lang.String, java.lang.String, java.lang.String, java.lang.String, java.lang.String, java.lang.String)[pri:0, instance:com.cisco.services.api_automation.tests.insights.software.OsvIT@2776015d]" name="verifyDetailsAPI" duration-ms="2503" started-at="2020-12-07T19:03:05 IST" data-provider="Details" finished-at="2020-12-07T19:03:08 IST">
          <params>
            <param index="0">
              <value>
                <![CDATA[org.testng.TestRunner@7da2c05c]]>
              </value>
            </param>
            <param index="1">
              <value>
                <![CDATA[GET]]>
              </value>
            </param>
            <param index="2">
              <value>
                <![CDATA[/osv-ui/v1/fnDetail]]>
              </value>
            </param>
            <param index="3">
              <value>
                <![CDATA[cx-context,[{"saId":"337115","vaId":"0","customerId":"xvZ6gHKLKoH8qy","solution":"IBN","cxLevel":"2"}]]]>
              </value>
            </param>
            <param index="4">
              <value>
                <![CDATA[fnId=63942&customerId=xvZ6gHKLKoH8qy&saId=337115&cxLevel=2&solution=IBN]]>
              </value>
            </param>
            <param index="5">
              <value>
                <![CDATA[]]>
              </value>
            </param>
            <param index="6">
              <value>
                <![CDATA[200]]>
              </value>
            </param>
            <param index="7">
              <value>
                <![CDATA[{
  "fnSummary": {
    "fnId": "63942",
    "name": "FN63942 - Wireless Lightweight Access Points and WLAN Controllers Fail to Create CAPWAP/LWAPP Connections Due to Certificate Expiration - Software Upgrade Recommended",
    "problemDescription": "Due to the certificate expiration, any new Control and Provisioning of Wireless Access Points (CAPWAP) or Light Weight Access Point Protocol (LWAPP) connection will fail to establish. The main feature that is affected will be the Access Point (AP)-to-controller joining. The secondary feature that is affected will be new mobility connections between the controllers.When an AP attempts to establish a new connection, the AP fails to join. When you configure mobility between controllers, they will fail to establish a connection.The likelihood that this issue will be encountered is 100% for wireless products in use (to include APs and controllers) that have a Manufacturer Installed Certificate (MIC) that is older than ten years. Self-Signed Certificates (SSCs) that were generated by the Autonomous-to-lightweight Upgrade Tool will expire on January 1, 2020.The affected products (listed in the Products Affected section) were released prior to the end of CY2005; beginning in March 2015, the products might begin to experience these symptoms. The MICs of products not listed above will not start to expire until 2018.In order to help determine the potential future impact, a list of APs and Wireless LAN Controllers (WLCs) and their release dates can be found in the Lightweight AP - Fail to create CAPWAP/LWAPP connection due to certificate expiration Cisco Support Forum article.",
[...]
              </value>
            </param>
            <param index="5">
              <value>
                <![CDATA[]]>
              </value>
            </param>
            <param index="6">
              <value>
                <![CDATA[500]]>
              </value>
            </param>
            <param index="7">
              <value>
                <![CDATA[]]>
              </value>
            </param>
            <param index="8">
              <value>
                <![CDATA[Tm5556049c:profileassets: Validate api response when customerId is passed an invalid value customerId as 1 , 112192, 112192fr]]>
              </value>
            </param>
          </params>
          <reporter-output>
          </reporter-output>
        </test-method> <!-- verifyOSVAPIs -->
        <test-method status="PASS" signature="verifyOSVAPIs(org.testng.ITestContext, java.lang.String, java.lang.String, java.lang.String, java.lang.String, java.lang.String, java.lang.String, java.lang.String, java.lang.String)[pri:2, instance:com.cisco.services.api_automation.tests.insights.software.OsvIT@2776015d]" name="verifyOSVAPIs" duration-ms="2425" started-at="2020-12-07T19:09:54 IST" data-provider="Recomm" finished-at="2020-12-07T19:09:56 IST">
          <params>
            <param index="0">
              <value>
                <![CDATA[org.testng.TestRunner@7da2c05c]]>
              </value>
            </param>
            <param index="1">
              <value>
                <![CDATA[GET]]>
              </value>
            </param>
            <param index="2">
              <value>
                <![CDATA[/osv-ui/v1/profileAssets]]>
              </value>
            </param>
            <param index="3">
              <value>
                <![CDATA[cx-context,[{"saId":"337115","vaId":"0","customerId":"xvZ6gHKLKoH8qy","solution":"IBN","cxLevel":"2","useCase":"Campus Network Assurance"}]]]>
              </value>
            </param>
            <param index="4">
              <value>
                <![CDATA[customerId=xvZ6gHKLKoH8qy&pageIndex=1&pageSize=1300&sort=hostName&sortOrder=asc&solution=IBN&saId=337115&cxLevel=2&useCase=Campus Network Assurance]]>
              </value>
            </param>
            <param index="5">
              <value>
                <![CDATA[]]>
              </value>
            </param>
            <param index="6">
              <value>
                <![CDATA[200]]>
              </value>
            </param>
            <param index="7">
              <value>
                <![CDATA[{
  "pagination": null,
  "uiAssetList": null,
  "errorMessage": "Encountered exception while validating input parameters: PageSize value should be greater than zero",
  "error": true
}]]>
              </value>
            </param>
            <param index="8">
              <value>
                <![CDATA[Tm5556053c:profileassets:Validate api gives 500 error when page index  passed is greater than page size.]]>
              </value>
            </param>
          </params>
          <reporter-output>
          </reporter-output>
        </test-method> <!-- verifyOSVAPIs -->
        <test-method status="PASS" signature="verifyAffectedAssetsAPI(org.testng.ITestContext, java.lang.String, java.lang.String, java.lang.String, java.lang.String, java.lang.String, java.lang.String, java.lang.String, java.lang.String)[pri:3, instance:com.cisco.services.api_automation.tests.insights.software.OsvIT@2776015d]" name="verifyAffectedAssetsAPI" duration-ms="4578" started-at="2020-12-07T19:09:56 IST" data-provider="affectedAssets" finished-at="2020-12-07T19:10:01 IST">
          <params>
            <param index="0">
              <value>
                <![CDATA[org.testng.TestRunner@7da2c05c]]>
              </value>
            </param>
            <param index="1">
              <value>
                <![CDATA[GET]]>
              </value>
            </param>
            <param index="2">
              <value>
                <![CDATA[/osv-ui/v1/affectedAssets]]>
              </value>
            </param>
            <param index="3">
              <value>
                <![CDATA[cx-context,[{"saId":"337115","vaId":"0","customerId":"xvZ6gHKLKoH8qy","solution":"IBN","cxLevel":"2"}]]]>
              </value>
            </param>
            <param index="4">
              <value>
                <![CDATA[bugId=CSCvr34339&bugAffectedFeatures=AireOS Base&pageIndex=1&pageSize=10&sort=hostname&sortOrder=asc&customerId=xvZ6gHKLKoH8qy&solution=IBN&saId=337115&cxLevel=2&status=OPEN]]>
              </value>
            </param>
            <param index="5">
              <value>
                <![CDATA[]]>
              </value>
            </param>
            <param index="6">
              <value>
                <![CDATA[200]]>
              </value>
            </param>
            <param index="7">
              <value>
                <![CDATA[{
  "bugId": "CSCvr34339",
  "recommId": 294105,
  "assets": [{
    "hostname": "Device_10_0_8_1",
    "ipAddress": "10.0.8.1",
    "swVersion": "8.5.151.0",
    "productId": "AIR-CT3504-K9",
    "features": ["AireOS Base"]
  }],
  "pagination": {
    "page": 1,
    "rows": 1,
    "total": 1
  },
  "errorMessage": null,
  "error": false
}]]>
              </value>
            </param>
            <param index="8">
              <value>
                <![CDATA[Tm5570166c,Tm5570178c]]>
              </value>
            </param>
          </params>
          <reporter-output>
          </reporter-output>
        </test-method> <!-- verifyAffectedAssetsAPI -->
        <test-method status="PASS" signature="verifyAffectedAssetsAPI(org.testng.ITestContext, java.lang.String, java.lang.String, java.lang.String, java.lang.String, java.lang.String, java.lang.String, java.lang.String, java.lang.String)[pri:3, instance:com.cisco.services.api_automation.tests.insights.software.OsvIT@2776015d]" name="verifyAffectedAssetsAPI" duration-ms="4097" started-at="2020-12-07T19:10:01 IST" data-provider="affectedAssets" finished-at="2020-12-07T19:10:05 IST">
          <params>
            <param index="0">
              <value>
                <![CDATA[org.testng.TestRunner@7da2c05c]]>
              </value>
            </param>
            <param index="1">
              <value>
                <![CDATA[GET]]>
              </value>
            </param>
            <param index="2">
              <value>
                <![CDATA[/osv-ui/v1/affectedAssets]]>
              </value>
            </param>
            <param index="3">
              <value>
                <![CDATA[cx-context,[{"saId":"337115","vaId":"0","customerId":"xvZ6gHKLKoH8qy","solution":"IBN","cxLevel":"2","useCase":"Campus Software Image Management"}]]]>
              </value>
            </param>
            <param index="4">
              <value>
                <![CDATA[bugId=CSCvr34339&bugAffectedFeatures=AireOS Base&pageIndex=1&pageSize=10&sort=hostname&sortOrder=asc&customerId=xvZ6gHKLKoH8qy&solution=IBN&saId=337115&cxLevel=2&useCase=Campus Software Image Management&status=OPEN]]>
              </value>
            </param>
            <param index="5">
              <value>
                <![CDATA[]]>
              </value>
            </param>
            <param index="6">
              <value>
                <![CDATA[200]]>
              </value>
            </param>
            <param index="7">
              <value>
                <![CDATA[{
  "bugId": "CSCvr34339",
  "recommId": 294105,
  "assets": [{
    "hostname": "Device_10_0_8_1",
    "ipAddress": "10.0.8.1",
    "swVersion": "8.5.151.0",
    "productId": "AIR-CT3504-K9",
    "features": ["AireOS Base"]
  }],
  "pagination": {
    "page": 1,
    "rows": 1,
    "total": 1
  },
  "errorMessage": null,
  "error": false
}]]>
              </value>
            </param>
            <param index="8">
              <value>
                <![CDATA[Tm5570167c]]>
              </value>
            </param>
          </params>
          <reporter-output>
          </reporter-output>
        </test-method> <!-- verifyAffectedAssetsAPI -->
        <test-method status="PASS" signature="verifyAffectedAssetsAPI(org.testng.ITestContext, java.lang.String, java.lang.String, java.lang.String, java.lang.String, java.lang.String, java.lang.String, java.lang.String, java.lang.String)[pri:3, instance:com.cisco.services.api_automation.tests.insights.software.OsvIT@2776015d]" name="verifyAffectedAssetsAPI" duration-ms="2861" started-at="2020-12-07T19:10:05 IST" data-provider="affectedAssets" finished-at="2020-12-07T19:10:08 IST">
          <params>
            <param index="0">
              <value>
                <![CDATA[org.testng.TestRunner@7da2c05c]]>
              </value>
            </param>
            <param index="1">
              <value>
                <![CDATA[GET]]>
              </value>
            </param>
            <param index="2">
              <value>
                <![CDATA[/osv-ui/v1/affectedAssets]]>
              </value>
            </param>
            <param index="3">
              <value>
                <![CDATA[cx-context,[{"saId":"337115","vaId":"0","customerId":"xvZ6gHKLKoH8qy","solution":"IBN","cxLevel":"2"}]]]>
              </value>
            </param>
            <param index="4">
              <value>
                <![CDATA[bugAffectedFeatures=AireOS Base&pageIndex=1&pageSize=10&sort=hostname&sortOrder=asc&customerId=xvZ6gHKLKoH8qy&solution=IBN&saId=337115&cxLevel=2&status=OPEN]]>
              </value>
            </param>
            <param index="5">
              <value>
                <![CDATA[]]>
              </value>
            </param>
            <param index="6">
              <value>
                <![CDATA[400]]>
              </value>
            </param>
            <param index="7">
              <value>
                <![CDATA[{
  "timestamp": "2020-09-04T09:51:58.265+0000",
  "status": 400,
  "error": "Bad Request",
  "message": "Required String parameter 'bugId' is not present",
  "path": "/osv-ui/v1/affectedAssets"
}]]>
              </value>
            </param>
            <param index="8">
              <value>
                <![CDATA[Tm5570168c]]>
              </value>
            </param>
          </params>
          <reporter-output>
          </reporter-output>
        </test-method> <!-- verifyAffectedAssetsAPI -->
        <test-method status="PASS" signature="verifyAffectedAssetsAPI(org.testng.ITestContext, java.lang.String, java.lang.String, java.lang.String, java.lang.String, java.lang.String, java.lang.String, java.lang.String, java.lang.String)[pri:3, instance:com.cisco.services.api_automation.tests.insights.software.OsvIT@2776015d]" name="verifyAffectedAssetsAPI" duration-ms="3264" started-at="2020-12-07T19:10:08 IST" data-provider="affectedAssets" finished-at="2020-12-07T19:10:11 IST">
          <params>
            <param index="0">
              <value>
                <![CDATA[org.testng.TestRunner@7da2c05c]]>
              </value>
            </param>
            <param index="1">
              <value>
                <![CDATA[GET]]>
              </value>
            </param>
            <param index="2">
              <value>
                <![CDATA[/osv-ui/v1/affectedAssets]]>
              </value>
            </param>
            <param index="3">
              <value>
                <![CDATA[cx-context,[{"saId":"337115","vaId":"0","customerId":"xvZ6gHKLKoH8qy","solution":"IBN","cxLevel":"2","useCase":"Campus Software Image Management"}]]]>
              </value>
            </param>
            <param index="4">
              <value>
                <![CDATA[bugId=CSCvr34339&bugAffectedFeatures=AireOS Base&pageIndex=1&pageSize=10&sort=hostname&sortOrder=asc&customerId=sadesa&solution=IBN&saId=337115&cxLevel=2&useCase=Campus Software Image Management&status=OPEN]]>
              </value>
            </param>
            <param index="5">
              <value>
                <![CDATA[]]>
              </value>
            </param>
            <param index="6">
              <value>
                <![CDATA[500]]>
              </value>
            </param>
            <param index="7">
              <value>
                <![CDATA[{
  "timestamp": "2020-09-04T09:55:30.818+0000",
  "status": 500,
  "error": "Internal Server Error",
  "message": "403 FORBIDDEN \"Policy Authorization failed\"",
  "path": "/osv-ui/v1/affectedAssets"
}]]>
              </value>
            </param>
            <param index="8">
              <value>
                <![CDATA[Tm5570169c]]>
              </value>
            </param>
          </params>
          <reporter-output>
          </reporter-output>
        </test-method> <!-- verifyAffectedAssetsAPI -->
        <test-method status="PASS" signature="verifyAffectedAssetsAPI(org.testng.ITestContext, java.lang.String, java.lang.String, java.lang.String, java.lang.String, java.lang.String, java.lang.String, java.lang.String, java.lang.String)[pri:3, instance:com.cisco.services.api_automation.tests.insights.software.OsvIT@2776015d]" name="verifyAffectedAssetsAPI" duration-ms="3471" started-at="2020-12-07T19:10:11 IST" data-provider="affectedAssets" finished-at="2020-12-07T19:10:14 IST">
          <params>
            <param index="0">
              <value>
                <![CDATA[org.testng.TestRunner@7da2c05c]]>
              </value>
            </param>
            <param index="1">
              <value>
                <![CDATA[GET]]>
              </value>
            </param>
            <param index="2">
              <value>
                <![CDATA[/osv-ui/v1/affectedAssets]]>
              </value>
            </param>
            <param index="3">
              <value>
                <![CDATA[cx-context,[{"saId":"337115","vaId":"0","customerId":"xvZ6gHKLKoH8qy","solution":"IBN","cxLevel":"2","useCase":"Campus Software Image Management"}]]]>
              </value>
            </param>
            <param index="4">
              <value>
                <![CDATA[bugId=&bugAffectedFeatures=AireOS Base&pageIndex=1&pageSize=10&sort=hostname&sortOrder=asc&customerId=xvZ6gHKLKoH8qy&solution=IBN&saId=337115&cxLevel=2&useCase=Campus Software Image Management&status=OPEN]]>
              </value>
            </param>
            <param index="5">
              <value>
                <![CDATA[]]>
              </value>
            </param>
            <param index="6">
              <value>
                <![CDATA[200]]>
              </value>
            </param>
            <param index="7">
              <value>
                <![CDATA[{
  "bugId": null,
  "recommId": 0,
  "assets": [],
  "pagination": null,
  "errorMessage": "Encountered exception while fetching bug detail: Bug ID is null or empty",
  "error": true
}]]>
              </value>
            </param>
            <param index="8">
              <value>
                <![CDATA[Tm5570171c]]>
              </value>
            </param>
          </params>
          <reporter-output>
          </reporter-output>
        </test-method> <!-- verifyAffectedAssetsAPI -->
        <test-method status="PASS" signature="verifyAffectedAssetsAPI(org.testng.ITestContext, java.lang.String, java.lang.String, java.lang.String, java.lang.String, java.lang.String, java.lang.String, java.lang.String, java.lang.String)[pri:3, instance:com.cisco.services.api_automation.tests.insights.software.OsvIT@2776015d]" name="verifyAffectedAssetsAPI" duration-ms="3125" started-at="2020-12-07T19:10:15 IST" data-provider="affectedAssets" finished-at="2020-12-07T19:10:18 IST">
          <params>
            <param index="0">
              <value>
                <![CDATA[org.testng.TestRunner@7da2c05c]]>
              </value>
            </param>
            <param index="1">
              <value>
                <![CDATA[GET]]>
              </value>
            </param>
            <param index="2">
              <value>
                <![CDATA[/osv-ui/v1/affectedAssets]]>
              </value>
            </param>
            <param index="3">
              <value>
                <![CDATA[cx-context,[{"saId":"337115","vaId":"0","customerId":"xvZ6gHKLKoH8qy","solution":"IBN","cxLevel":"2"}]]]>
              </value>
            </param>
            <param index="4">
              <value>
                <![CDATA[bugId=CSCvr34339&bugAffectedFeatures=AireOS Base&pageIndex=1&pageSize=100&sort=hostname&sortOrder=asc&customerId=xvZ6gHKLKoH8qy&solution=IBN&saId=337115&cxLevel=2&status=OPEN]]>
              </value>
            </param>
            <param index="5">
              <value>
                <![CDATA[]]>
              </value>
            </param>
            <param index="6">
              <value>
                <![CDATA[200]]>
              </value>
            </param>
            <param index="7">
              <value>
                <![CDATA[{
  "bugId": null,
  "recommId": 0,
  "assets": [],
  "pagination": null,
  "errorMessage": "Encountered exception while fetching bug detail: PageSize value should be greater than zero",
  "error": true
}]]>
              </value>
            </param>
            <param index="8">
              <value>
                <![CDATA[Tm5570180c]]>
              </value>
            </param>
          </params>
          <reporter-output>
          </reporter-output>
        </test-method> <!-- verifyAffectedAssetsAPI -->
        <test-method status="PASS" signature="verifyAffectedAssetsAPI(org.testng.ITestContext, java.lang.String, java.lang.String, java.lang.String, java.lang.String, java.lang.String, java.lang.String, java.lang.String, java.lang.String)[pri:3, instance:com.cisco.services.api_automation.tests.insights.software.OsvIT@2776015d]" name="verifyAffectedAssetsAPI" duration-ms="2584" started-at="2020-12-07T19:10:18 IST" data-provider="affectedAssets" finished-at="2020-12-07T19:10:20 IST">
          <params>
            <param index="0">
              <value>
                <![CDATA[org.testng.TestRunner@7da2c05c]]>
              </value>
            </param>
            <param index="1">
              <value>
                <![CDATA[GET]]>
              </value>
            </param>
            <param index="2">
              <value>
                <![CDATA[/osv-ui/v1/affectedAssets]]>
              </value>
            </param>
            <param index="3">
              <value>
                <![CDATA[cx-context,[{"saId":"337115","vaId":"0","customerId":"xvZ6gHKLKoH8qy","solution":"IBN","cxLevel":"2"}]]]>
              </value>
            </param>
            <param index="4">
              <value>
                <![CDATA[bugId=CSCvr34339&bugAffectedFeatures=AireOS Base&pageIndex=1000&pageSize=10&sort=hostname&sortOrder=asc&customerId=xvZ6gHKLKoH8qy&solution=IBN&saId=337115&cxLevel=2&status=OPEN]]>
              </value>
            </param>
            <param index="5">
              <value>
                <![CDATA[]]>
              </value>
            </param>
            <param index="6">
              <value>
                <![CDATA[200]]>
              </value>
            </param>
            <param index="7">
              <value>
                <![CDATA[{
  "bugId": "CSCvo51266",
  "recommId": 294103,
  "assets": [],
  "pagination": {
    "page": 123,
    "rows": 0,
    "total": 1
  },
  "errorMessage": null,
  "error": false
}]]>
              </value>
            </param>
            <param index="8">
              <value>
                <![CDATA[Tm5570179c]]>
              </value>
            </param>
          </params>
          <reporter-output>
          </reporter-output>
        </test-method> <!-- verifyAffectedAssetsAPI -->
      </class> <!-- com.cisco.services.api_automation.tests.insights.software.OsvIT -->
    </test> <!-- Default test -->
  </suite> <!-- Default suite -->
</testng-results>
